  正在确定要还原的项目…
C:\projects\远程安装应用\RemoteInstaller\RemoteInstaller.csproj : warning NU1510: PackageReference System.Text.Json 将不会删除。请考虑从依赖项中移除此包，因为可能不需要它。 [C:\projects\远程安装应用\RemoteInstaller.sln]
C:\projects\远程安装应用\RemoteInstaller.Tests\RemoteInstaller.Tests.csproj : warning NU1902: 包 "SSH.NET" 2020.0.0 具有已知的 中 严重性漏洞，https://github.com/advisories/GHSA-72p8-v4hg-v45p [C:\projects\远程安装应用\RemoteInstaller.sln]
C:\projects\远程安装应用\RemoteInstaller\RemoteInstaller.csproj : warning NU1510: PackageReference System.Security.Cryptography.ProtectedData 将不会删除。请考虑从依赖项中移除此包，因为可能不需要它。 [C:\projects\远程安装应用\RemoteInstaller.sln]
C:\projects\远程安装应用\RemoteInstaller\RemoteInstaller.csproj : warning NU1510: PackageReference System.Text.Encoding.CodePages 将不会删除。请考虑从依赖项中移除此包，因为可能不需要它。 [C:\projects\远程安装应用\RemoteInstaller.sln]
C:\projects\远程安装应用\RemoteInstaller\RemoteInstaller.csproj : warning NU1902: 包 "SSH.NET" 2020.0.0 具有已知的 中 严重性漏洞，https://github.com/advisories/GHSA-72p8-v4hg-v45p [C:\projects\远程安装应用\RemoteInstaller.sln]
  所有项目均是最新的，无法还原。
C:\projects\远程安装应用\RemoteInstaller.Tests\RemoteInstaller.Tests.csproj : warning NU1902: 包 "SSH.NET" 2020.0.0 具有已知的 中 严重性漏洞，https://github.com/advisories/GHSA-72p8-v4hg-v45p
C:\projects\远程安装应用\RemoteInstaller\RemoteInstaller.csproj : warning NU1510: PackageReference System.Text.Json 将不会删除。请考虑从依赖项中移除此包，因为可能不需要它。
C:\projects\远程安装应用\RemoteInstaller\RemoteInstaller.csproj : warning NU1510: PackageReference System.Security.Cryptography.ProtectedData 将不会删除。请考虑从依赖项中移除此包，因为可能不需要它。
C:\projects\远程安装应用\RemoteInstaller\RemoteInstaller.csproj : warning NU1510: PackageReference System.Text.Encoding.CodePages 将不会删除。请考虑从依赖项中移除此包，因为可能不需要它。
C:\projects\远程安装应用\RemoteInstaller\RemoteInstaller.csproj : warning NU1902: 包 "SSH.NET" 2020.0.0 具有已知的 中 严重性漏洞，https://github.com/advisories/GHSA-72p8-v4hg-v45p
C:\projects\远程安装应用\RemoteInstaller\RemoteInstaller_g2jnq5ah_wpftmp.csproj : warning NU1510: PackageReference System.Text.Json 将不会删除。请考虑从依赖项中移除此包，因为可能不需要它。
C:\projects\远程安装应用\RemoteInstaller\RemoteInstaller_g2jnq5ah_wpftmp.csproj : warning NU1510: PackageReference System.Security.Cryptography.ProtectedData 将不会删除。请考虑从依赖项中移除此包，因为可能不需要它。
C:\projects\远程安装应用\RemoteInstaller\RemoteInstaller_g2jnq5ah_wpftmp.csproj : warning NU1510: PackageReference System.Text.Encoding.CodePages 将不会删除。请考虑从依赖项中移除此包，因为可能不需要它。
C:\projects\远程安装应用\RemoteInstaller\RemoteInstaller_g2jnq5ah_wpftmp.csproj : warning NU1902: 包 "SSH.NET" 2020.0.0 具有已知的 中 严重性漏洞，https://github.com/advisories/GHSA-72p8-v4hg-v45p
C:\projects\远程安装应用\RemoteInstaller\App.xaml.cs(47,41): warning CS8603: 可能返回 null 引用。 [C:\projects\远程安装应用\RemoteInstaller\RemoteInstaller_g2jnq5ah_wpftmp.csproj]
C:\projects\远程安装应用\RemoteInstaller\Models\RemoteHost.cs(18,12): warning CS8618: 在退出构造函数时，不可为 null 的 字段 "_name" 必须包含非 null 值。请考虑添加 "required" 修饰符或将该 字段 声明为可为 null。 [C:\projects\远程安装应用\RemoteInstaller\RemoteInstaller_g2jnq5ah_wpftmp.csproj]
C:\projects\远程安装应用\RemoteInstaller\Models\RemoteHost.cs(18,12): warning CS8618: 在退出构造函数时，不可为 null 的 字段 "_ipAddress" 必须包含非 null 值。请考虑添加 "required" 修饰符或将该 字段 声明为可为 null。 [C:\projects\远程安装应用\RemoteInstaller\RemoteInstaller_g2jnq5ah_wpftmp.csproj]
C:\projects\远程安装应用\RemoteInstaller\Models\RemoteHost.cs(18,12): warning CS8618: 在退出构造函数时，不可为 null 的 字段 "_username" 必须包含非 null 值。请考虑添加 "required" 修饰符或将该 字段 声明为可为 null。 [C:\projects\远程安装应用\RemoteInstaller\RemoteInstaller_g2jnq5ah_wpftmp.csproj]
C:\projects\远程安装应用\RemoteInstaller\Models\RemoteHost.cs(18,12): warning CS8618: 在退出构造函数时，不可为 null 的 字段 "_encryptedPassword" 必须包含非 null 值。请考虑添加 "required" 修饰符或将该 字段 声明为可为 null。 [C:\projects\远程安装应用\RemoteInstaller\RemoteInstaller_g2jnq5ah_wpftmp.csproj]
C:\projects\远程安装应用\RemoteInstaller\Models\RemoteHost.cs(18,12): warning CS8618: 在退出构造函数时，不可为 null 的 字段 "_keyPath" 必须包含非 null 值。请考虑添加 "required" 修饰符或将该 字段 声明为可为 null。 [C:\projects\远程安装应用\RemoteInstaller\RemoteInstaller_g2jnq5ah_wpftmp.csproj]
C:\projects\远程安装应用\RemoteInstaller\Models\RemoteHost.cs(18,12): warning CS8618: 在退出构造函数时，不可为 null 的 字段 "_encryptedKeyPassphrase" 必须包含非 null 值。请考虑添加 "required" 修饰符或将该 字段 声明为可为 null。 [C:\projects\远程安装应用\RemoteInstaller\RemoteInstaller_g2jnq5ah_wpftmp.csproj]
C:\projects\远程安装应用\RemoteInstaller\Models\RemoteHost.cs(18,12): warning CS8618: 在退出构造函数时，不可为 null 的 字段 "_groupName" 必须包含非 null 值。请考虑添加 "required" 修饰符或将该 字段 声明为可为 null。 [C:\projects\远程安装应用\RemoteInstaller\RemoteInstaller_g2jnq5ah_wpftmp.csproj]
C:\projects\远程安装应用\RemoteInstaller\Models\RemoteHost.cs(18,12): warning CS8618: 在退出构造函数时，不可为 null 的 字段 "_statusMessage" 必须包含非 null 值。请考虑添加 "required" 修饰符或将该 字段 声明为可为 null。 [C:\projects\远程安装应用\RemoteInstaller\RemoteInstaller_g2jnq5ah_wpftmp.csproj]
C:\projects\远程安装应用\RemoteInstaller\ViewModels\ApplicationCardViewModel.cs(21,16): warning CS8618: 在退出构造函数时，不可为 null 的 字段 "_installedVersion" 必须包含非 null 值。请考虑添加 "required" 修饰符或将该 字段 声明为可为 null。 [C:\projects\远程安装应用\RemoteInstaller\RemoteInstaller_g2jnq5ah_wpftmp.csproj]
C:\projects\远程安装应用\RemoteInstaller\Converters\Converters.cs(167,20): warning CS8603: 可能返回 null 引用。 [C:\projects\远程安装应用\RemoteInstaller\RemoteInstaller_g2jnq5ah_wpftmp.csproj]
C:\projects\远程安装应用\RemoteInstaller\Converters\Converters.cs(176,16): warning CS8603: 可能返回 null 引用。 [C:\projects\远程安装应用\RemoteInstaller\RemoteInstaller_g2jnq5ah_wpftmp.csproj]
C:\projects\远程安装应用\RemoteInstaller\Converters\Converters.cs(210,53): warning CS8604: “object Enum.Parse(Type enumType, string value)”中的形参“value”可能传入 null 引用实参。 [C:\projects\远程安装应用\RemoteInstaller\RemoteInstaller_g2jnq5ah_wpftmp.csproj]
C:\projects\远程安装应用\RemoteInstaller\Converters\Converters.cs(233,53): warning CS8604: “object Enum.Parse(Type enumType, string value)”中的形参“value”可能传入 null 引用实参。 [C:\projects\远程安装应用\RemoteInstaller\RemoteInstaller_g2jnq5ah_wpftmp.csproj]
C:\projects\远程安装应用\RemoteInstaller\Converters\Converters.cs(218,55): warning CS8604: “object Enum.Parse(Type enumType, string value)”中的形参“value”可能传入 null 引用实参。 [C:\projects\远程安装应用\RemoteInstaller\RemoteInstaller_g2jnq5ah_wpftmp.csproj]
C:\projects\远程安装应用\RemoteInstaller\Converters\Converters.cs(218,20): warning CS8603: 可能返回 null 引用。 [C:\projects\远程安装应用\RemoteInstaller\RemoteInstaller_g2jnq5ah_wpftmp.csproj]
C:\projects\远程安装应用\RemoteInstaller\Converters\Converters.cs(220,16): warning CS8603: 可能返回 null 引用。 [C:\projects\远程安装应用\RemoteInstaller\RemoteInstaller_g2jnq5ah_wpftmp.csproj]
C:\projects\远程安装应用\RemoteInstaller\Models\ApplicationInfo.cs(289,20): warning CS8618: 在退出构造函数时，不可为 null 的 字段 "_key" 必须包含非 null 值。请考虑添加 "required" 修饰符或将该 字段 声明为可为 null。 [C:\projects\远程安装应用\RemoteInstaller\RemoteInstaller_g2jnq5ah_wpftmp.csproj]
C:\projects\远程安装应用\RemoteInstaller\Models\ApplicationInfo.cs(292,20): warning CS8618: 在退出构造函数时，不可为 null 的 字段 "_name" 必须包含非 null 值。请考虑添加 "required" 修饰符或将该 字段 声明为可为 null。 [C:\projects\远程安装应用\RemoteInstaller\RemoteInstaller_g2jnq5ah_wpftmp.csproj]
C:\projects\远程安装应用\RemoteInstaller\Models\ApplicationInfo.cs(295,20): warning CS8618: 在退出构造函数时，不可为 null 的 字段 "_description" 必须包含非 null 值。请考虑添加 "required" 修饰符或将该 字段 声明为可为 null。 [C:\projects\远程安装应用\RemoteInstaller\RemoteInstaller_g2jnq5ah_wpftmp.csproj]
C:\projects\远程安装应用\RemoteInstaller\Models\ApplicationInfo.cs(304,20): warning CS8618: 在退出构造函数时，不可为 null 的 字段 "_defaultValue" 必须包含非 null 值。请考虑添加 "required" 修饰符或将该 字段 声明为可为 null。 [C:\projects\远程安装应用\RemoteInstaller\RemoteInstaller_g2jnq5ah_wpftmp.csproj]
C:\projects\远程安装应用\RemoteInstaller\Models\ApplicationInfo.cs(307,20): warning CS8618: 在退出构造函数时，不可为 null 的 字段 "_regexPattern" 必须包含非 null 值。请考虑添加 "required" 修饰符或将该 字段 声明为可为 null。 [C:\projects\远程安装应用\RemoteInstaller\RemoteInstaller_g2jnq5ah_wpftmp.csproj]
C:\projects\远程安装应用\RemoteInstaller\Services\DatabaseService.cs(1519,18): warning CS8601: 可能的 null 引用赋值。 [C:\projects\远程安装应用\RemoteInstaller\RemoteInstaller_g2jnq5ah_wpftmp.csproj]
C:\projects\远程安装应用\RemoteInstaller\Services\DatabaseService.cs(1520,20): warning CS8601: 可能的 null 引用赋值。 [C:\projects\远程安装应用\RemoteInstaller\RemoteInstaller_g2jnq5ah_wpftmp.csproj]
C:\projects\远程安装应用\RemoteInstaller\Services\DatabaseService.cs(1521,25): warning CS8601: 可能的 null 引用赋值。 [C:\projects\远程安装应用\RemoteInstaller\RemoteInstaller_g2jnq5ah_wpftmp.csproj]
C:\projects\远程安装应用\RemoteInstaller\Services\DatabaseService.cs(1523,24): warning CS8601: 可能的 null 引用赋值。 [C:\projects\远程安装应用\RemoteInstaller\RemoteInstaller_g2jnq5ah_wpftmp.csproj]
C:\projects\远程安装应用\RemoteInstaller\Services\DatabaseService.cs(1524,33): warning CS8601: 可能的 null 引用赋值。 [C:\projects\远程安装应用\RemoteInstaller\RemoteInstaller_g2jnq5ah_wpftmp.csproj]
C:\projects\远程安装应用\RemoteInstaller\Services\DatabaseService.cs(1526,23): warning CS8601: 可能的 null 引用赋值。 [C:\projects\远程安装应用\RemoteInstaller\RemoteInstaller_g2jnq5ah_wpftmp.csproj]
C:\projects\远程安装应用\RemoteInstaller\Services\DatabaseService.cs(1527,38): warning CS8601: 可能的 null 引用赋值。 [C:\projects\远程安装应用\RemoteInstaller\RemoteInstaller_g2jnq5ah_wpftmp.csproj]
C:\projects\远程安装应用\RemoteInstaller\Services\DatabaseService.cs(1531,25): warning CS8601: 可能的 null 引用赋值。 [C:\projects\远程安装应用\RemoteInstaller\RemoteInstaller_g2jnq5ah_wpftmp.csproj]
C:\projects\远程安装应用\RemoteInstaller\Services\DatabaseService.cs(1533,29): warning CS8601: 可能的 null 引用赋值。 [C:\projects\远程安装应用\RemoteInstaller\RemoteInstaller_g2jnq5ah_wpftmp.csproj]
C:\projects\远程安装应用\RemoteInstaller\Services\DatabaseService.cs(1534,144): warning CS8604: “DateTime DateTime.Parse(string s)”中的形参“s”可能传入 null 引用实参。 [C:\projects\远程安装应用\RemoteInstaller\RemoteInstaller_g2jnq5ah_wpftmp.csproj]
C:\projects\远程安装应用\RemoteInstaller\Services\DatabaseService.cs(1535,40): warning CS8604: “DateTime DateTime.Parse(string s)”中的形参“s”可能传入 null 引用实参。 [C:\projects\远程安装应用\RemoteInstaller\RemoteInstaller_g2jnq5ah_wpftmp.csproj]
C:\projects\远程安装应用\RemoteInstaller\Services\DatabaseService.cs(1536,40): warning CS8604: “DateTime DateTime.Parse(string s)”中的形参“s”可能传入 null 引用实参。 [C:\projects\远程安装应用\RemoteInstaller\RemoteInstaller_g2jnq5ah_wpftmp.csproj]
C:\projects\远程安装应用\RemoteInstaller\Models\ApplicationStatus.cs(14,20): warning CS8618: 在退出构造函数时，不可为 null 的 字段 "_installedVersion" 必须包含非 null 值。请考虑添加 "required" 修饰符或将该 字段 声明为可为 null。 [C:\projects\远程安装应用\RemoteInstaller\RemoteInstaller_g2jnq5ah_wpftmp.csproj]
C:\projects\远程安装应用\RemoteInstaller\Models\ApplicationStatus.cs(20,20): warning CS8618: 在退出构造函数时，不可为 null 的 字段 "_port" 必须包含非 null 值。请考虑添加 "required" 修饰符或将该 字段 声明为可为 null。 [C:\projects\远程安装应用\RemoteInstaller\RemoteInstaller_g2jnq5ah_wpftmp.csproj]
C:\projects\远程安装应用\RemoteInstaller\Models\ApplicationStatus.cs(23,20): warning CS8618: 在退出构造函数时，不可为 null 的 字段 "_installPath" 必须包含非 null 值。请考虑添加 "required" 修饰符或将该 字段 声明为可为 null。 [C:\projects\远程安装应用\RemoteInstaller\RemoteInstaller_g2jnq5ah_wpftmp.csproj]
C:\projects\远程安装应用\RemoteInstaller\Models\ApplicationStatus.cs(26,20): warning CS8618: 在退出构造函数时，不可为 null 的 字段 "_processName" 必须包含非 null 值。请考虑添加 "required" 修饰符或将该 字段 声明为可为 null。 [C:\projects\远程安装应用\RemoteInstaller\RemoteInstaller_g2jnq5ah_wpftmp.csproj]
C:\projects\远程安装应用\RemoteInstaller\Models\ApplicationStatus.cs(29,20): warning CS8618: 在退出构造函数时，不可为 null 的 字段 "_errorMessage" 必须包含非 null 值。请考虑添加 "required" 修饰符或将该 字段 声明为可为 null。 [C:\projects\远程安装应用\RemoteInstaller\RemoteInstaller_g2jnq5ah_wpftmp.csproj]
C:\projects\远程安装应用\RemoteInstaller\Services\DatabaseService.cs(1544,18): warning CS8601: 可能的 null 引用赋值。 [C:\projects\远程安装应用\RemoteInstaller\RemoteInstaller_g2jnq5ah_wpftmp.csproj]
C:\projects\远程安装应用\RemoteInstaller\Services\DatabaseService.cs(1545,22): warning CS8601: 可能的 null 引用赋值。 [C:\projects\远程安装应用\RemoteInstaller\RemoteInstaller_g2jnq5ah_wpftmp.csproj]
C:\projects\远程安装应用\RemoteInstaller\Services\DatabaseService.cs(1546,24): warning CS8601: 可能的 null 引用赋值。 [C:\projects\远程安装应用\RemoteInstaller\RemoteInstaller_g2jnq5ah_wpftmp.csproj]
C:\projects\远程安装应用\RemoteInstaller\Services\DatabaseService.cs(1547,21): warning CS8601: 可能的 null 引用赋值。 [C:\projects\远程安装应用\RemoteInstaller\RemoteInstaller_g2jnq5ah_wpftmp.csproj]
C:\projects\远程安装应用\RemoteInstaller\Services\DatabaseService.cs(1548,23): warning CS8601: 可能的 null 引用赋值。 [C:\projects\远程安装应用\RemoteInstaller\RemoteInstaller_g2jnq5ah_wpftmp.csproj]
C:\projects\远程安装应用\RemoteInstaller\Services\DatabaseService.cs(1549,26): warning CS8601: 可能的 null 引用赋值。 [C:\projects\远程安装应用\RemoteInstaller\RemoteInstaller_g2jnq5ah_wpftmp.csproj]
C:\projects\远程安装应用\RemoteInstaller\Services\DatabaseService.cs(1553,28): warning CS8601: 可能的 null 引用赋值。 [C:\projects\远程安装应用\RemoteInstaller\RemoteInstaller_g2jnq5ah_wpftmp.csproj]
C:\projects\远程安装应用\RemoteInstaller\Services\DatabaseService.cs(1554,40): warning CS8604: “DateTime DateTime.Parse(string s)”中的形参“s”可能传入 null 引用实参。 [C:\projects\远程安装应用\RemoteInstaller\RemoteInstaller_g2jnq5ah_wpftmp.csproj]
C:\projects\远程安装应用\RemoteInstaller\Services\DatabaseService.cs(1555,38): warning CS8604: “DateTime DateTime.Parse(string s)”中的形参“s”可能传入 null 引用实参。 [C:\projects\远程安装应用\RemoteInstaller\RemoteInstaller_g2jnq5ah_wpftmp.csproj]
C:\projects\远程安装应用\RemoteInstaller\ViewModels\AddHostViewModel.cs(618,33): warning CS8601: 可能的 null 引用赋值。 [C:\projects\远程安装应用\RemoteInstaller\RemoteInstaller_g2jnq5ah_wpftmp.csproj]
C:\projects\远程安装应用\RemoteInstaller\ViewModels\AddHostViewModel.cs(620,23): warning CS8601: 可能的 null 引用赋值。 [C:\projects\远程安装应用\RemoteInstaller\RemoteInstaller_g2jnq5ah_wpftmp.csproj]
C:\projects\远程安装应用\RemoteInstaller\ViewModels\AddHostViewModel.cs(621,38): warning CS8601: 可能的 null 引用赋值。 [C:\projects\远程安装应用\RemoteInstaller\RemoteInstaller_g2jnq5ah_wpftmp.csproj]
C:\projects\远程安装应用\RemoteInstaller\ViewModels\AddHostViewModel.cs(626,25): warning CS8601: 可能的 null 引用赋值。 [C:\projects\远程安装应用\RemoteInstaller\RemoteInstaller_g2jnq5ah_wpftmp.csproj]
C:\projects\远程安装应用\RemoteInstaller\Models\ApplicationInfo.cs(15,20): warning CS8618: 在退出构造函数时，不可为 null 的 字段 "_id" 必须包含非 null 值。请考虑添加 "required" 修饰符或将该 字段 声明为可为 null。 [C:\projects\远程安装应用\RemoteInstaller\RemoteInstaller_g2jnq5ah_wpftmp.csproj]
C:\projects\远程安装应用\RemoteInstaller\Models\ApplicationInfo.cs(18,20): warning CS8618: 在退出构造函数时，不可为 null 的 字段 "_name" 必须包含非 null 值。请考虑添加 "required" 修饰符或将该 字段 声明为可为 null。 [C:\projects\远程安装应用\RemoteInstaller\RemoteInstaller_g2jnq5ah_wpftmp.csproj]
C:\projects\远程安装应用\RemoteInstaller\Models\ApplicationInfo.cs(21,20): warning CS8618: 在退出构造函数时，不可为 null 的 字段 "_version" 必须包含非 null 值。请考虑添加 "required" 修饰符或将该 字段 声明为可为 null。 [C:\projects\远程安装应用\RemoteInstaller\RemoteInstaller_g2jnq5ah_wpftmp.csproj]
C:\projects\远程安装应用\RemoteInstaller\Models\ApplicationInfo.cs(24,20): warning CS8618: 在退出构造函数时，不可为 null 的 字段 "_description" 必须包含非 null 值。请考虑添加 "required" 修饰符或将该 字段 声明为可为 null。 [C:\projects\远程安装应用\RemoteInstaller\RemoteInstaller_g2jnq5ah_wpftmp.csproj]
C:\projects\远程安装应用\RemoteInstaller\Models\ApplicationInfo.cs(27,20): warning CS8618: 在退出构造函数时，不可为 null 的 字段 "_iconPath" 必须包含非 null 值。请考虑添加 "required" 修饰符或将该 字段 声明为可为 null。 [C:\projects\远程安装应用\RemoteInstaller\RemoteInstaller_g2jnq5ah_wpftmp.csproj]
C:\projects\远程安装应用\RemoteInstaller\Models\ApplicationInfo.cs(30,20): warning CS8618: 在退出构造函数时，不可为 null 的 字段 "_category" 必须包含非 null 值。请考虑添加 "required" 修饰符或将该 字段 声明为可为 null。 [C:\projects\远程安装应用\RemoteInstaller\RemoteInstaller_g2jnq5ah_wpftmp.csproj]
C:\projects\远程安装应用\RemoteInstaller\Models\ApplicationInfo.cs(42,20): warning CS8618: 在退出构造函数时，不可为 null 的 字段 "_downloadUrl" 必须包含非 null 值。请考虑添加 "required" 修饰符或将该 字段 声明为可为 null。 [C:\projects\远程安装应用\RemoteInstaller\RemoteInstaller_g2jnq5ah_wpftmp.csproj]
C:\projects\远程安装应用\RemoteInstaller\Models\ApplicationInfo.cs(45,20): warning CS8618: 在退出构造函数时，不可为 null 的 字段 "_installScriptLinux" 必须包含非 null 值。请考虑添加 "required" 修饰符或将该 字段 声明为可为 null。 [C:\projects\远程安装应用\RemoteInstaller\RemoteInstaller_g2jnq5ah_wpftmp.csproj]
C:\projects\远程安装应用\RemoteInstaller\Models\ApplicationInfo.cs(48,20): warning CS8618: 在退出构造函数时，不可为 null 的 字段 "_installScriptWindows" 必须包含非 null 值。请考虑添加 "required" 修饰符或将该 字段 声明为可为 null。 [C:\projects\远程安装应用\RemoteInstaller\RemoteInstaller_g2jnq5ah_wpftmp.csproj]
C:\projects\远程安装应用\RemoteInstaller\Models\ApplicationInfo.cs(51,20): warning CS8618: 在退出构造函数时，不可为 null 的 字段 "_uninstallScriptLinux" 必须包含非 null 值。请考虑添加 "required" 修饰符或将该 字段 声明为可为 null。 [C:\projects\远程安装应用\RemoteInstaller\RemoteInstaller_g2jnq5ah_wpftmp.csproj]
C:\projects\远程安装应用\RemoteInstaller\Models\ApplicationInfo.cs(54,20): warning CS8618: 在退出构造函数时，不可为 null 的 字段 "_uninstallScriptWindows" 必须包含非 null 值。请考虑添加 "required" 修饰符或将该 字段 声明为可为 null。 [C:\projects\远程安装应用\RemoteInstaller\RemoteInstaller_g2jnq5ah_wpftmp.csproj]
C:\projects\远程安装应用\RemoteInstaller\Models\ApplicationInfo.cs(57,20): warning CS8618: 在退出构造函数时，不可为 null 的 字段 "_checkScriptLinux" 必须包含非 null 值。请考虑添加 "required" 修饰符或将该 字段 声明为可为 null。 [C:\projects\远程安装应用\RemoteInstaller\RemoteInstaller_g2jnq5ah_wpftmp.csproj]
C:\projects\远程安装应用\RemoteInstaller\Models\ApplicationInfo.cs(60,20): warning CS8618: 在退出构造函数时，不可为 null 的 字段 "_checkScriptWindows" 必须包含非 null 值。请考虑添加 "required" 修饰符或将该 字段 声明为可为 null。 [C:\projects\远程安装应用\RemoteInstaller\RemoteInstaller_g2jnq5ah_wpftmp.csproj]
C:\projects\远程安装应用\RemoteInstaller\Models\ApplicationInfo.cs(108,20): warning CS8618: 在退出构造函数时，不可为 null 的 字段 "_installedVersion" 必须包含非 null 值。请考虑添加 "required" 修饰符或将该 字段 声明为可为 null。 [C:\projects\远程安装应用\RemoteInstaller\RemoteInstaller_g2jnq5ah_wpftmp.csproj]
C:\projects\远程安装应用\RemoteInstaller\Models\ApplicationInfo.cs(114,20): warning CS8618: 在退出构造函数时，不可为 null 的 字段 "_hostId" 必须包含非 null 值。请考虑添加 "required" 修饰符或将该 字段 声明为可为 null。 [C:\projects\远程安装应用\RemoteInstaller\RemoteInstaller_g2jnq5ah_wpftmp.csproj]
C:\projects\远程安装应用\RemoteInstaller\Models\ApplicationInfo.cs(120,20): warning CS8618: 在退出构造函数时，不可为 null 的 字段 "_osType" 必须包含非 null 值。请考虑添加 "required" 修饰符或将该 字段 声明为可为 null。 [C:\projects\远程安装应用\RemoteInstaller\RemoteInstaller_g2jnq5ah_wpftmp.csproj]
C:\projects\远程安装应用\RemoteInstaller\ViewModels\SettingsViewModel.cs(128,16): warning CS8618: 在退出构造函数时，不可为 null 的 字段 "_originalSettings" 必须包含非 null 值。请考虑添加 "required" 修饰符或将该 字段 声明为可为 null。 [C:\projects\远程安装应用\RemoteInstaller\RemoteInstaller_g2jnq5ah_wpftmp.csproj]
C:\projects\远程安装应用\RemoteInstaller\Services\SshService.cs(616,30): warning CS0168: 声明了变量“ex”，但从未使用过 [C:\projects\远程安装应用\RemoteInstaller\RemoteInstaller_g2jnq5ah_wpftmp.csproj]
C:\projects\远程安装应用\RemoteInstaller\Services\DatabaseService.cs(979,77): warning CS8604: “DateTime DateTime.Parse(string s)”中的形参“s”可能传入 null 引用实参。 [C:\projects\远程安装应用\RemoteInstaller\RemoteInstaller_g2jnq5ah_wpftmp.csproj]
C:\projects\远程安装应用\RemoteInstaller\Services\DatabaseService.cs(980,75): warning CS8604: “DateTime DateTime.Parse(string s)”中的形参“s”可能传入 null 引用实参。 [C:\projects\远程安装应用\RemoteInstaller\RemoteInstaller_g2jnq5ah_wpftmp.csproj]
C:\projects\远程安装应用\RemoteInstaller\ViewModels\SettingsViewModel.cs(426,33): warning CS8601: 可能的 null 引用赋值。 [C:\projects\远程安装应用\RemoteInstaller\RemoteInstaller_g2jnq5ah_wpftmp.csproj]
C:\projects\远程安装应用\RemoteInstaller\ViewModels\SettingsViewModel.cs(427,35): warning CS8601: 可能的 null 引用赋值。 [C:\projects\远程安装应用\RemoteInstaller\RemoteInstaller_g2jnq5ah_wpftmp.csproj]
C:\projects\远程安装应用\RemoteInstaller\ViewModels\SettingsViewModel.cs(430,29): warning CS8601: 可能的 null 引用赋值。 [C:\projects\远程安装应用\RemoteInstaller\RemoteInstaller_g2jnq5ah_wpftmp.csproj]
C:\projects\远程安装应用\RemoteInstaller\ViewModels\SettingsViewModel.cs(432,33): warning CS8601: 可能的 null 引用赋值。 [C:\projects\远程安装应用\RemoteInstaller\RemoteInstaller_g2jnq5ah_wpftmp.csproj]
C:\projects\远程安装应用\RemoteInstaller\ViewModels\SettingsViewModel.cs(433,33): warning CS8601: 可能的 null 引用赋值。 [C:\projects\远程安装应用\RemoteInstaller\RemoteInstaller_g2jnq5ah_wpftmp.csproj]
C:\projects\远程安装应用\RemoteInstaller\ViewModels\SettingsViewModel.cs(437,34): warning CS8601: 可能的 null 引用赋值。 [C:\projects\远程安装应用\RemoteInstaller\RemoteInstaller_g2jnq5ah_wpftmp.csproj]
C:\projects\远程安装应用\RemoteInstaller\Models\InstallTask.cs(15,20): warning CS8618: 在退出构造函数时，不可为 null 的 字段 "_hostId" 必须包含非 null 值。请考虑添加 "required" 修饰符或将该 字段 声明为可为 null。 [C:\projects\远程安装应用\RemoteInstaller\RemoteInstaller_g2jnq5ah_wpftmp.csproj]
C:\projects\远程安装应用\RemoteInstaller\Models\InstallTask.cs(18,20): warning CS8618: 在退出构造函数时，不可为 null 的 字段 "_hostName" 必须包含非 null 值。请考虑添加 "required" 修饰符或将该 字段 声明为可为 null。 [C:\projects\远程安装应用\RemoteInstaller\RemoteInstaller_g2jnq5ah_wpftmp.csproj]
C:\projects\远程安装应用\RemoteInstaller\Models\InstallTask.cs(21,20): warning CS8618: 在退出构造函数时，不可为 null 的 字段 "_appId" 必须包含非 null 值。请考虑添加 "required" 修饰符或将该 字段 声明为可为 null。 [C:\projects\远程安装应用\RemoteInstaller\RemoteInstaller_g2jnq5ah_wpftmp.csproj]
C:\projects\远程安装应用\RemoteInstaller\Models\InstallTask.cs(24,20): warning CS8618: 在退出构造函数时，不可为 null 的 字段 "_appName" 必须包含非 null 值。请考虑添加 "required" 修饰符或将该 字段 声明为可为 null。 [C:\projects\远程安装应用\RemoteInstaller\RemoteInstaller_g2jnq5ah_wpftmp.csproj]
C:\projects\远程安装应用\RemoteInstaller\Models\InstallTask.cs(27,20): warning CS8618: 在退出构造函数时，不可为 null 的 字段 "_appVersion" 必须包含非 null 值。请考虑添加 "required" 修饰符或将该 字段 声明为可为 null。 [C:\projects\远程安装应用\RemoteInstaller\RemoteInstaller_g2jnq5ah_wpftmp.csproj]
C:\projects\远程安装应用\RemoteInstaller\Models\InstallTask.cs(39,20): warning CS8618: 在退出构造函数时，不可为 null 的 字段 "_errorMessage" 必须包含非 null 值。请考虑添加 "required" 修饰符或将该 字段 声明为可为 null。 [C:\projects\远程安装应用\RemoteInstaller\RemoteInstaller_g2jnq5ah_wpftmp.csproj]
C:\projects\远程安装应用\RemoteInstaller\Services\DatabaseService.cs(1399,40): warning CS8604: “DateTime DateTime.Parse(string s)”中的形参“s”可能传入 null 引用实参。 [C:\projects\远程安装应用\RemoteInstaller\RemoteInstaller_g2jnq5ah_wpftmp.csproj]
C:\projects\远程安装应用\RemoteInstaller\Services\DatabaseService.cs(1421,40): warning CS8604: “DateTime DateTime.Parse(string s)”中的形参“s”可能传入 null 引用实参。 [C:\projects\远程安装应用\RemoteInstaller\RemoteInstaller_g2jnq5ah_wpftmp.csproj]
C:\projects\远程安装应用\RemoteInstaller\Services\DatabaseService.cs(1422,124): warning CS8604: “DateTime DateTime.Parse(string s)”中的形参“s”可能传入 null 引用实参。 [C:\projects\远程安装应用\RemoteInstaller\RemoteInstaller_g2jnq5ah_wpftmp.csproj]
C:\projects\远程安装应用\RemoteInstaller\Services\SshService.cs(1411,34): warning CS8602: 解引用可能出现空引用。 [C:\projects\远程安装应用\RemoteInstaller\RemoteInstaller_g2jnq5ah_wpftmp.csproj]
C:\projects\远程安装应用\RemoteInstaller\Services\SshService.cs(1415,21): warning CS8602: 解引用可能出现空引用。 [C:\projects\远程安装应用\RemoteInstaller\RemoteInstaller_g2jnq5ah_wpftmp.csproj]
C:\projects\远程安装应用\RemoteInstaller\Services\SshService.cs(1427,38): warning CS8602: 解引用可能出现空引用。 [C:\projects\远程安装应用\RemoteInstaller\RemoteInstaller_g2jnq5ah_wpftmp.csproj]
C:\projects\远程安装应用\RemoteInstaller\Services\SshService.cs(1446,43): warning CS8602: 解引用可能出现空引用。 [C:\projects\远程安装应用\RemoteInstaller\RemoteInstaller_g2jnq5ah_wpftmp.csproj]
C:\projects\远程安装应用\RemoteInstaller\Services\SshService.cs(1541,22): warning CS8602: 解引用可能出现空引用。 [C:\projects\远程安装应用\RemoteInstaller\RemoteInstaller_g2jnq5ah_wpftmp.csproj]
C:\projects\远程安装应用\RemoteInstaller\ViewModels\MainViewModel.cs(1661,29): warning CS8601: 可能的 null 引用赋值。 [C:\projects\远程安装应用\RemoteInstaller\RemoteInstaller_g2jnq5ah_wpftmp.csproj]
C:\projects\远程安装应用\RemoteInstaller\ViewModels\MainViewModel.cs(1923,38): warning CS8601: 可能的 null 引用赋值。 [C:\projects\远程安装应用\RemoteInstaller\RemoteInstaller_g2jnq5ah_wpftmp.csproj]
C:\projects\远程安装应用\RemoteInstaller\ViewModels\InstallConfigViewModel.cs(2069,24): warning CS8619: 类型“IEnumerable<string?>”的值中引用类型的为 Null 性与目标类型“IEnumerable<string>”不匹配。 [C:\projects\远程安装应用\RemoteInstaller\RemoteInstaller_g2jnq5ah_wpftmp.csproj]
C:\projects\远程安装应用\RemoteInstaller\ViewModels\InstallConfigViewModel.cs(2088,20): warning CS8619: 类型“IEnumerable<string?>”的值中引用类型的为 Null 性与目标类型“IEnumerable<string>”不匹配。 [C:\projects\远程安装应用\RemoteInstaller\RemoteInstaller_g2jnq5ah_wpftmp.csproj]
C:\projects\远程安装应用\RemoteInstaller\ViewModels\InstallConfigViewModel.cs(2098,20): warning CS8619: 类型“IEnumerable<string?>”的值中引用类型的为 Null 性与目标类型“IEnumerable<string>”不匹配。 [C:\projects\远程安装应用\RemoteInstaller\RemoteInstaller_g2jnq5ah_wpftmp.csproj]
C:\projects\远程安装应用\RemoteInstaller\ViewModels\SettingsViewModel.cs(191,28): warning MVVMTK0039: The method RemoteInstaller.ViewModels.SettingsViewModel.TestRepositoryConnection() annotated with [RelayCommand] is async void (make sure to return a Task type instead) (https://aka.ms/mvvmtoolkit/errors/mvvmtk0039) [C:\projects\远程安装应用\RemoteInstaller\RemoteInstaller_g2jnq5ah_wpftmp.csproj]
C:\projects\远程安装应用\RemoteInstaller\ViewModels\MainViewModel.cs(903,17): warning MVVMTK0034: The field RemoteInstaller.ViewModels.MainViewModel._applications is annotated with [ObservableProperty] and should not be directly referenced (use the generated property instead) (https://aka.ms/mvvmtoolkit/errors/mvvmtk0034) [C:\projects\远程安装应用\RemoteInstaller\RemoteInstaller_g2jnq5ah_wpftmp.csproj]
C:\projects\远程安装应用\RemoteInstaller\ViewModels\MainViewModel.cs(2718,28): warning MVVMTK0039: The method RemoteInstaller.ViewModels.MainViewModel.ConfigureApplication(RemoteInstaller.ViewModels.ApplicationCardViewModel) annotated with [RelayCommand] is async void (make sure to return a Task type instead) (https://aka.ms/mvvmtoolkit/errors/mvvmtk0039) [C:\projects\远程安装应用\RemoteInstaller\RemoteInstaller_g2jnq5ah_wpftmp.csproj]
C:\projects\远程安装应用\RemoteInstaller\Converters\Converters.cs(210,53): warning CS8604: “object Enum.Parse(Type enumType, string value)”中的形参“value”可能传入 null 引用实参。 [C:\projects\远程安装应用\RemoteInstaller\RemoteInstaller.csproj]
C:\projects\远程安装应用\RemoteInstaller\Converters\Converters.cs(233,53): warning CS8604: “object Enum.Parse(Type enumType, string value)”中的形参“value”可能传入 null 引用实参。 [C:\projects\远程安装应用\RemoteInstaller\RemoteInstaller.csproj]
C:\projects\远程安装应用\RemoteInstaller\App.xaml.cs(47,41): warning CS8603: 可能返回 null 引用。 [C:\projects\远程安装应用\RemoteInstaller\RemoteInstaller.csproj]
C:\projects\远程安装应用\RemoteInstaller\Converters\Converters.cs(167,20): warning CS8603: 可能返回 null 引用。 [C:\projects\远程安装应用\RemoteInstaller\RemoteInstaller.csproj]
C:\projects\远程安装应用\RemoteInstaller\Converters\Converters.cs(176,16): warning CS8603: 可能返回 null 引用。 [C:\projects\远程安装应用\RemoteInstaller\RemoteInstaller.csproj]
C:\projects\远程安装应用\RemoteInstaller\Converters\Converters.cs(218,55): warning CS8604: “object Enum.Parse(Type enumType, string value)”中的形参“value”可能传入 null 引用实参。 [C:\projects\远程安装应用\RemoteInstaller\RemoteInstaller.csproj]
C:\projects\远程安装应用\RemoteInstaller\Converters\Converters.cs(218,20): warning CS8603: 可能返回 null 引用。 [C:\projects\远程安装应用\RemoteInstaller\RemoteInstaller.csproj]
C:\projects\远程安装应用\RemoteInstaller\Converters\Converters.cs(220,16): warning CS8603: 可能返回 null 引用。 [C:\projects\远程安装应用\RemoteInstaller\RemoteInstaller.csproj]
C:\projects\远程安装应用\RemoteInstaller\ViewModels\ApplicationCardViewModel.cs(21,16): warning CS8618: 在退出构造函数时，不可为 null 的 字段 "_installedVersion" 必须包含非 null 值。请考虑添加 "required" 修饰符或将该 字段 声明为可为 null。 [C:\projects\远程安装应用\RemoteInstaller\RemoteInstaller.csproj]
C:\projects\远程安装应用\RemoteInstaller\Models\RemoteHost.cs(18,12): warning CS8618: 在退出构造函数时，不可为 null 的 字段 "_name" 必须包含非 null 值。请考虑添加 "required" 修饰符或将该 字段 声明为可为 null。 [C:\projects\远程安装应用\RemoteInstaller\RemoteInstaller.csproj]
C:\projects\远程安装应用\RemoteInstaller\Models\RemoteHost.cs(18,12): warning CS8618: 在退出构造函数时，不可为 null 的 字段 "_ipAddress" 必须包含非 null 值。请考虑添加 "required" 修饰符或将该 字段 声明为可为 null。 [C:\projects\远程安装应用\RemoteInstaller\RemoteInstaller.csproj]
C:\projects\远程安装应用\RemoteInstaller\Models\RemoteHost.cs(18,12): warning CS8618: 在退出构造函数时，不可为 null 的 字段 "_username" 必须包含非 null 值。请考虑添加 "required" 修饰符或将该 字段 声明为可为 null。 [C:\projects\远程安装应用\RemoteInstaller\RemoteInstaller.csproj]
C:\projects\远程安装应用\RemoteInstaller\Models\RemoteHost.cs(18,12): warning CS8618: 在退出构造函数时，不可为 null 的 字段 "_encryptedPassword" 必须包含非 null 值。请考虑添加 "required" 修饰符或将该 字段 声明为可为 null。 [C:\projects\远程安装应用\RemoteInstaller\RemoteInstaller.csproj]
C:\projects\远程安装应用\RemoteInstaller\Models\RemoteHost.cs(18,12): warning CS8618: 在退出构造函数时，不可为 null 的 字段 "_keyPath" 必须包含非 null 值。请考虑添加 "required" 修饰符或将该 字段 声明为可为 null。 [C:\projects\远程安装应用\RemoteInstaller\RemoteInstaller.csproj]
C:\projects\远程安装应用\RemoteInstaller\Models\RemoteHost.cs(18,12): warning CS8618: 在退出构造函数时，不可为 null 的 字段 "_encryptedKeyPassphrase" 必须包含非 null 值。请考虑添加 "required" 修饰符或将该 字段 声明为可为 null。 [C:\projects\远程安装应用\RemoteInstaller\RemoteInstaller.csproj]
C:\projects\远程安装应用\RemoteInstaller\Models\RemoteHost.cs(18,12): warning CS8618: 在退出构造函数时，不可为 null 的 字段 "_groupName" 必须包含非 null 值。请考虑添加 "required" 修饰符或将该 字段 声明为可为 null。 [C:\projects\远程安装应用\RemoteInstaller\RemoteInstaller.csproj]
C:\projects\远程安装应用\RemoteInstaller\Models\RemoteHost.cs(18,12): warning CS8618: 在退出构造函数时，不可为 null 的 字段 "_statusMessage" 必须包含非 null 值。请考虑添加 "required" 修饰符或将该 字段 声明为可为 null。 [C:\projects\远程安装应用\RemoteInstaller\RemoteInstaller.csproj]
C:\projects\远程安装应用\RemoteInstaller\Models\ApplicationInfo.cs(289,20): warning CS8618: 在退出构造函数时，不可为 null 的 字段 "_key" 必须包含非 null 值。请考虑添加 "required" 修饰符或将该 字段 声明为可为 null。 [C:\projects\远程安装应用\RemoteInstaller\RemoteInstaller.csproj]
C:\projects\远程安装应用\RemoteInstaller\Models\ApplicationInfo.cs(292,20): warning CS8618: 在退出构造函数时，不可为 null 的 字段 "_name" 必须包含非 null 值。请考虑添加 "required" 修饰符或将该 字段 声明为可为 null。 [C:\projects\远程安装应用\RemoteInstaller\RemoteInstaller.csproj]
C:\projects\远程安装应用\RemoteInstaller\Models\ApplicationInfo.cs(295,20): warning CS8618: 在退出构造函数时，不可为 null 的 字段 "_description" 必须包含非 null 值。请考虑添加 "required" 修饰符或将该 字段 声明为可为 null。 [C:\projects\远程安装应用\RemoteInstaller\RemoteInstaller.csproj]
C:\projects\远程安装应用\RemoteInstaller\Models\ApplicationInfo.cs(304,20): warning CS8618: 在退出构造函数时，不可为 null 的 字段 "_defaultValue" 必须包含非 null 值。请考虑添加 "required" 修饰符或将该 字段 声明为可为 null。 [C:\projects\远程安装应用\RemoteInstaller\RemoteInstaller.csproj]
C:\projects\远程安装应用\RemoteInstaller\Models\ApplicationInfo.cs(307,20): warning CS8618: 在退出构造函数时，不可为 null 的 字段 "_regexPattern" 必须包含非 null 值。请考虑添加 "required" 修饰符或将该 字段 声明为可为 null。 [C:\projects\远程安装应用\RemoteInstaller\RemoteInstaller.csproj]
C:\projects\远程安装应用\RemoteInstaller\ViewModels\AddHostViewModel.cs(618,33): warning CS8601: 可能的 null 引用赋值。 [C:\projects\远程安装应用\RemoteInstaller\RemoteInstaller.csproj]
C:\projects\远程安装应用\RemoteInstaller\ViewModels\AddHostViewModel.cs(620,23): warning CS8601: 可能的 null 引用赋值。 [C:\projects\远程安装应用\RemoteInstaller\RemoteInstaller.csproj]
C:\projects\远程安装应用\RemoteInstaller\ViewModels\AddHostViewModel.cs(621,38): warning CS8601: 可能的 null 引用赋值。 [C:\projects\远程安装应用\RemoteInstaller\RemoteInstaller.csproj]
C:\projects\远程安装应用\RemoteInstaller\ViewModels\AddHostViewModel.cs(626,25): warning CS8601: 可能的 null 引用赋值。 [C:\projects\远程安装应用\RemoteInstaller\RemoteInstaller.csproj]
C:\projects\远程安装应用\RemoteInstaller\ViewModels\SettingsViewModel.cs(128,16): warning CS8618: 在退出构造函数时，不可为 null 的 字段 "_originalSettings" 必须包含非 null 值。请考虑添加 "required" 修饰符或将该 字段 声明为可为 null。 [C:\projects\远程安装应用\RemoteInstaller\RemoteInstaller.csproj]
C:\projects\远程安装应用\RemoteInstaller\Services\DatabaseService.cs(1519,18): warning CS8601: 可能的 null 引用赋值。 [C:\projects\远程安装应用\RemoteInstaller\RemoteInstaller.csproj]
C:\projects\远程安装应用\RemoteInstaller\Services\DatabaseService.cs(1520,20): warning CS8601: 可能的 null 引用赋值。 [C:\projects\远程安装应用\RemoteInstaller\RemoteInstaller.csproj]
C:\projects\远程安装应用\RemoteInstaller\Services\DatabaseService.cs(1521,25): warning CS8601: 可能的 null 引用赋值。 [C:\projects\远程安装应用\RemoteInstaller\RemoteInstaller.csproj]
C:\projects\远程安装应用\RemoteInstaller\Services\DatabaseService.cs(1523,24): warning CS8601: 可能的 null 引用赋值。 [C:\projects\远程安装应用\RemoteInstaller\RemoteInstaller.csproj]
C:\projects\远程安装应用\RemoteInstaller\Services\DatabaseService.cs(1524,33): warning CS8601: 可能的 null 引用赋值。 [C:\projects\远程安装应用\RemoteInstaller\RemoteInstaller.csproj]
C:\projects\远程安装应用\RemoteInstaller\Services\DatabaseService.cs(1526,23): warning CS8601: 可能的 null 引用赋值。 [C:\projects\远程安装应用\RemoteInstaller\RemoteInstaller.csproj]
C:\projects\远程安装应用\RemoteInstaller\Services\DatabaseService.cs(1527,38): warning CS8601: 可能的 null 引用赋值。 [C:\projects\远程安装应用\RemoteInstaller\RemoteInstaller.csproj]
C:\projects\远程安装应用\RemoteInstaller\Services\DatabaseService.cs(1531,25): warning CS8601: 可能的 null 引用赋值。 [C:\projects\远程安装应用\RemoteInstaller\RemoteInstaller.csproj]
C:\projects\远程安装应用\RemoteInstaller\Services\DatabaseService.cs(1533,29): warning CS8601: 可能的 null 引用赋值。 [C:\projects\远程安装应用\RemoteInstaller\RemoteInstaller.csproj]
C:\projects\远程安装应用\RemoteInstaller\Services\DatabaseService.cs(1534,144): warning CS8604: “DateTime DateTime.Parse(string s)”中的形参“s”可能传入 null 引用实参。 [C:\projects\远程安装应用\RemoteInstaller\RemoteInstaller.csproj]
C:\projects\远程安装应用\RemoteInstaller\Services\DatabaseService.cs(1535,40): warning CS8604: “DateTime DateTime.Parse(string s)”中的形参“s”可能传入 null 引用实参。 [C:\projects\远程安装应用\RemoteInstaller\RemoteInstaller.csproj]
C:\projects\远程安装应用\RemoteInstaller\Services\DatabaseService.cs(1536,40): warning CS8604: “DateTime DateTime.Parse(string s)”中的形参“s”可能传入 null 引用实参。 [C:\projects\远程安装应用\RemoteInstaller\RemoteInstaller.csproj]
C:\projects\远程安装应用\RemoteInstaller\Models\ApplicationStatus.cs(14,20): warning CS8618: 在退出构造函数时，不可为 null 的 字段 "_installedVersion" 必须包含非 null 值。请考虑添加 "required" 修饰符或将该 字段 声明为可为 null。 [C:\projects\远程安装应用\RemoteInstaller\RemoteInstaller.csproj]
C:\projects\远程安装应用\RemoteInstaller\Models\ApplicationStatus.cs(20,20): warning CS8618: 在退出构造函数时，不可为 null 的 字段 "_port" 必须包含非 null 值。请考虑添加 "required" 修饰符或将该 字段 声明为可为 null。 [C:\projects\远程安装应用\RemoteInstaller\RemoteInstaller.csproj]
C:\projects\远程安装应用\RemoteInstaller\Models\ApplicationStatus.cs(23,20): warning CS8618: 在退出构造函数时，不可为 null 的 字段 "_installPath" 必须包含非 null 值。请考虑添加 "required" 修饰符或将该 字段 声明为可为 null。 [C:\projects\远程安装应用\RemoteInstaller\RemoteInstaller.csproj]
C:\projects\远程安装应用\RemoteInstaller\Models\ApplicationStatus.cs(26,20): warning CS8618: 在退出构造函数时，不可为 null 的 字段 "_processName" 必须包含非 null 值。请考虑添加 "required" 修饰符或将该 字段 声明为可为 null。 [C:\projects\远程安装应用\RemoteInstaller\RemoteInstaller.csproj]
C:\projects\远程安装应用\RemoteInstaller\Models\ApplicationStatus.cs(29,20): warning CS8618: 在退出构造函数时，不可为 null 的 字段 "_errorMessage" 必须包含非 null 值。请考虑添加 "required" 修饰符或将该 字段 声明为可为 null。 [C:\projects\远程安装应用\RemoteInstaller\RemoteInstaller.csproj]
C:\projects\远程安装应用\RemoteInstaller\Services\DatabaseService.cs(1544,18): warning CS8601: 可能的 null 引用赋值。 [C:\projects\远程安装应用\RemoteInstaller\RemoteInstaller.csproj]
C:\projects\远程安装应用\RemoteInstaller\Services\DatabaseService.cs(1545,22): warning CS8601: 可能的 null 引用赋值。 [C:\projects\远程安装应用\RemoteInstaller\RemoteInstaller.csproj]
C:\projects\远程安装应用\RemoteInstaller\Services\DatabaseService.cs(1546,24): warning CS8601: 可能的 null 引用赋值。 [C:\projects\远程安装应用\RemoteInstaller\RemoteInstaller.csproj]
C:\projects\远程安装应用\RemoteInstaller\Services\DatabaseService.cs(1547,21): warning CS8601: 可能的 null 引用赋值。 [C:\projects\远程安装应用\RemoteInstaller\RemoteInstaller.csproj]
C:\projects\远程安装应用\RemoteInstaller\Services\DatabaseService.cs(1548,23): warning CS8601: 可能的 null 引用赋值。 [C:\projects\远程安装应用\RemoteInstaller\RemoteInstaller.csproj]
C:\projects\远程安装应用\RemoteInstaller\Services\DatabaseService.cs(1549,26): warning CS8601: 可能的 null 引用赋值。 [C:\projects\远程安装应用\RemoteInstaller\RemoteInstaller.csproj]
C:\projects\远程安装应用\RemoteInstaller\Services\DatabaseService.cs(1553,28): warning CS8601: 可能的 null 引用赋值。 [C:\projects\远程安装应用\RemoteInstaller\RemoteInstaller.csproj]
C:\projects\远程安装应用\RemoteInstaller\Services\DatabaseService.cs(1554,40): warning CS8604: “DateTime DateTime.Parse(string s)”中的形参“s”可能传入 null 引用实参。 [C:\projects\远程安装应用\RemoteInstaller\RemoteInstaller.csproj]
C:\projects\远程安装应用\RemoteInstaller\Services\DatabaseService.cs(1555,38): warning CS8604: “DateTime DateTime.Parse(string s)”中的形参“s”可能传入 null 引用实参。 [C:\projects\远程安装应用\RemoteInstaller\RemoteInstaller.csproj]
C:\projects\远程安装应用\RemoteInstaller\Models\ApplicationInfo.cs(15,20): warning CS8618: 在退出构造函数时，不可为 null 的 字段 "_id" 必须包含非 null 值。请考虑添加 "required" 修饰符或将该 字段 声明为可为 null。 [C:\projects\远程安装应用\RemoteInstaller\RemoteInstaller.csproj]
C:\projects\远程安装应用\RemoteInstaller\Models\ApplicationInfo.cs(18,20): warning CS8618: 在退出构造函数时，不可为 null 的 字段 "_name" 必须包含非 null 值。请考虑添加 "required" 修饰符或将该 字段 声明为可为 null。 [C:\projects\远程安装应用\RemoteInstaller\RemoteInstaller.csproj]
C:\projects\远程安装应用\RemoteInstaller\Models\ApplicationInfo.cs(21,20): warning CS8618: 在退出构造函数时，不可为 null 的 字段 "_version" 必须包含非 null 值。请考虑添加 "required" 修饰符或将该 字段 声明为可为 null。 [C:\projects\远程安装应用\RemoteInstaller\RemoteInstaller.csproj]
C:\projects\远程安装应用\RemoteInstaller\Models\ApplicationInfo.cs(24,20): warning CS8618: 在退出构造函数时，不可为 null 的 字段 "_description" 必须包含非 null 值。请考虑添加 "required" 修饰符或将该 字段 声明为可为 null。 [C:\projects\远程安装应用\RemoteInstaller\RemoteInstaller.csproj]
C:\projects\远程安装应用\RemoteInstaller\Models\ApplicationInfo.cs(27,20): warning CS8618: 在退出构造函数时，不可为 null 的 字段 "_iconPath" 必须包含非 null 值。请考虑添加 "required" 修饰符或将该 字段 声明为可为 null。 [C:\projects\远程安装应用\RemoteInstaller\RemoteInstaller.csproj]
C:\projects\远程安装应用\RemoteInstaller\Models\ApplicationInfo.cs(30,20): warning CS8618: 在退出构造函数时，不可为 null 的 字段 "_category" 必须包含非 null 值。请考虑添加 "required" 修饰符或将该 字段 声明为可为 null。 [C:\projects\远程安装应用\RemoteInstaller\RemoteInstaller.csproj]
C:\projects\远程安装应用\RemoteInstaller\Models\ApplicationInfo.cs(42,20): warning CS8618: 在退出构造函数时，不可为 null 的 字段 "_downloadUrl" 必须包含非 null 值。请考虑添加 "required" 修饰符或将该 字段 声明为可为 null。 [C:\projects\远程安装应用\RemoteInstaller\RemoteInstaller.csproj]
C:\projects\远程安装应用\RemoteInstaller\Models\ApplicationInfo.cs(45,20): warning CS8618: 在退出构造函数时，不可为 null 的 字段 "_installScriptLinux" 必须包含非 null 值。请考虑添加 "required" 修饰符或将该 字段 声明为可为 null。 [C:\projects\远程安装应用\RemoteInstaller\RemoteInstaller.csproj]
C:\projects\远程安装应用\RemoteInstaller\Models\ApplicationInfo.cs(48,20): warning CS8618: 在退出构造函数时，不可为 null 的 字段 "_installScriptWindows" 必须包含非 null 值。请考虑添加 "required" 修饰符或将该 字段 声明为可为 null。 [C:\projects\远程安装应用\RemoteInstaller\RemoteInstaller.csproj]
C:\projects\远程安装应用\RemoteInstaller\Models\ApplicationInfo.cs(51,20): warning CS8618: 在退出构造函数时，不可为 null 的 字段 "_uninstallScriptLinux" 必须包含非 null 值。请考虑添加 "required" 修饰符或将该 字段 声明为可为 null。 [C:\projects\远程安装应用\RemoteInstaller\RemoteInstaller.csproj]
C:\projects\远程安装应用\RemoteInstaller\Models\ApplicationInfo.cs(54,20): warning CS8618: 在退出构造函数时，不可为 null 的 字段 "_uninstallScriptWindows" 必须包含非 null 值。请考虑添加 "required" 修饰符或将该 字段 声明为可为 null。 [C:\projects\远程安装应用\RemoteInstaller\RemoteInstaller.csproj]
C:\projects\远程安装应用\RemoteInstaller\Models\ApplicationInfo.cs(57,20): warning CS8618: 在退出构造函数时，不可为 null 的 字段 "_checkScriptLinux" 必须包含非 null 值。请考虑添加 "required" 修饰符或将该 字段 声明为可为 null。 [C:\projects\远程安装应用\RemoteInstaller\RemoteInstaller.csproj]
C:\projects\远程安装应用\RemoteInstaller\Models\ApplicationInfo.cs(60,20): warning CS8618: 在退出构造函数时，不可为 null 的 字段 "_checkScriptWindows" 必须包含非 null 值。请考虑添加 "required" 修饰符或将该 字段 声明为可为 null。 [C:\projects\远程安装应用\RemoteInstaller\RemoteInstaller.csproj]
C:\projects\远程安装应用\RemoteInstaller\Models\ApplicationInfo.cs(108,20): warning CS8618: 在退出构造函数时，不可为 null 的 字段 "_installedVersion" 必须包含非 null 值。请考虑添加 "required" 修饰符或将该 字段 声明为可为 null。 [C:\projects\远程安装应用\RemoteInstaller\RemoteInstaller.csproj]
C:\projects\远程安装应用\RemoteInstaller\Models\ApplicationInfo.cs(114,20): warning CS8618: 在退出构造函数时，不可为 null 的 字段 "_hostId" 必须包含非 null 值。请考虑添加 "required" 修饰符或将该 字段 声明为可为 null。 [C:\projects\远程安装应用\RemoteInstaller\RemoteInstaller.csproj]
C:\projects\远程安装应用\RemoteInstaller\Models\ApplicationInfo.cs(120,20): warning CS8618: 在退出构造函数时，不可为 null 的 字段 "_osType" 必须包含非 null 值。请考虑添加 "required" 修饰符或将该 字段 声明为可为 null。 [C:\projects\远程安装应用\RemoteInstaller\RemoteInstaller.csproj]
C:\projects\远程安装应用\RemoteInstaller\ViewModels\SettingsViewModel.cs(426,33): warning CS8601: 可能的 null 引用赋值。 [C:\projects\远程安装应用\RemoteInstaller\RemoteInstaller.csproj]
C:\projects\远程安装应用\RemoteInstaller\ViewModels\SettingsViewModel.cs(427,35): warning CS8601: 可能的 null 引用赋值。 [C:\projects\远程安装应用\RemoteInstaller\RemoteInstaller.csproj]
C:\projects\远程安装应用\RemoteInstaller\ViewModels\SettingsViewModel.cs(430,29): warning CS8601: 可能的 null 引用赋值。 [C:\projects\远程安装应用\RemoteInstaller\RemoteInstaller.csproj]
C:\projects\远程安装应用\RemoteInstaller\ViewModels\SettingsViewModel.cs(432,33): warning CS8601: 可能的 null 引用赋值。 [C:\projects\远程安装应用\RemoteInstaller\RemoteInstaller.csproj]
C:\projects\远程安装应用\RemoteInstaller\ViewModels\SettingsViewModel.cs(433,33): warning CS8601: 可能的 null 引用赋值。 [C:\projects\远程安装应用\RemoteInstaller\RemoteInstaller.csproj]
C:\projects\远程安装应用\RemoteInstaller\ViewModels\SettingsViewModel.cs(437,34): warning CS8601: 可能的 null 引用赋值。 [C:\projects\远程安装应用\RemoteInstaller\RemoteInstaller.csproj]
C:\projects\远程安装应用\RemoteInstaller\Services\SshService.cs(616,30): warning CS0168: 声明了变量“ex”，但从未使用过 [C:\projects\远程安装应用\RemoteInstaller\RemoteInstaller.csproj]
C:\projects\远程安装应用\RemoteInstaller\Models\InstallTask.cs(15,20): warning CS8618: 在退出构造函数时，不可为 null 的 字段 "_hostId" 必须包含非 null 值。请考虑添加 "required" 修饰符或将该 字段 声明为可为 null。 [C:\projects\远程安装应用\RemoteInstaller\RemoteInstaller.csproj]
C:\projects\远程安装应用\RemoteInstaller\Models\InstallTask.cs(18,20): warning CS8618: 在退出构造函数时，不可为 null 的 字段 "_hostName" 必须包含非 null 值。请考虑添加 "required" 修饰符或将该 字段 声明为可为 null。 [C:\projects\远程安装应用\RemoteInstaller\RemoteInstaller.csproj]
C:\projects\远程安装应用\RemoteInstaller\Models\InstallTask.cs(21,20): warning CS8618: 在退出构造函数时，不可为 null 的 字段 "_appId" 必须包含非 null 值。请考虑添加 "required" 修饰符或将该 字段 声明为可为 null。 [C:\projects\远程安装应用\RemoteInstaller\RemoteInstaller.csproj]
C:\projects\远程安装应用\RemoteInstaller\Models\InstallTask.cs(24,20): warning CS8618: 在退出构造函数时，不可为 null 的 字段 "_appName" 必须包含非 null 值。请考虑添加 "required" 修饰符或将该 字段 声明为可为 null。 [C:\projects\远程安装应用\RemoteInstaller\RemoteInstaller.csproj]
C:\projects\远程安装应用\RemoteInstaller\Models\InstallTask.cs(27,20): warning CS8618: 在退出构造函数时，不可为 null 的 字段 "_appVersion" 必须包含非 null 值。请考虑添加 "required" 修饰符或将该 字段 声明为可为 null。 [C:\projects\远程安装应用\RemoteInstaller\RemoteInstaller.csproj]
C:\projects\远程安装应用\RemoteInstaller\Models\InstallTask.cs(39,20): warning CS8618: 在退出构造函数时，不可为 null 的 字段 "_errorMessage" 必须包含非 null 值。请考虑添加 "required" 修饰符或将该 字段 声明为可为 null。 [C:\projects\远程安装应用\RemoteInstaller\RemoteInstaller.csproj]
C:\projects\远程安装应用\RemoteInstaller\Services\DatabaseService.cs(979,77): warning CS8604: “DateTime DateTime.Parse(string s)”中的形参“s”可能传入 null 引用实参。 [C:\projects\远程安装应用\RemoteInstaller\RemoteInstaller.csproj]
C:\projects\远程安装应用\RemoteInstaller\Services\DatabaseService.cs(980,75): warning CS8604: “DateTime DateTime.Parse(string s)”中的形参“s”可能传入 null 引用实参。 [C:\projects\远程安装应用\RemoteInstaller\RemoteInstaller.csproj]
C:\projects\远程安装应用\RemoteInstaller\Services\DatabaseService.cs(1399,40): warning CS8604: “DateTime DateTime.Parse(string s)”中的形参“s”可能传入 null 引用实参。 [C:\projects\远程安装应用\RemoteInstaller\RemoteInstaller.csproj]
C:\projects\远程安装应用\RemoteInstaller\Services\DatabaseService.cs(1421,40): warning CS8604: “DateTime DateTime.Parse(string s)”中的形参“s”可能传入 null 引用实参。 [C:\projects\远程安装应用\RemoteInstaller\RemoteInstaller.csproj]
C:\projects\远程安装应用\RemoteInstaller\Services\DatabaseService.cs(1422,124): warning CS8604: “DateTime DateTime.Parse(string s)”中的形参“s”可能传入 null 引用实参。 [C:\projects\远程安装应用\RemoteInstaller\RemoteInstaller.csproj]
C:\projects\远程安装应用\RemoteInstaller\Services\SshService.cs(1411,34): warning CS8602: 解引用可能出现空引用。 [C:\projects\远程安装应用\RemoteInstaller\RemoteInstaller.csproj]
C:\projects\远程安装应用\RemoteInstaller\Services\SshService.cs(1415,21): warning CS8602: 解引用可能出现空引用。 [C:\projects\远程安装应用\RemoteInstaller\RemoteInstaller.csproj]
C:\projects\远程安装应用\RemoteInstaller\Services\SshService.cs(1427,38): warning CS8602: 解引用可能出现空引用。 [C:\projects\远程安装应用\RemoteInstaller\RemoteInstaller.csproj]
C:\projects\远程安装应用\RemoteInstaller\Services\SshService.cs(1446,43): warning CS8602: 解引用可能出现空引用。 [C:\projects\远程安装应用\RemoteInstaller\RemoteInstaller.csproj]
C:\projects\远程安装应用\RemoteInstaller\ViewModels\MainViewModel.cs(1661,29): warning CS8601: 可能的 null 引用赋值。 [C:\projects\远程安装应用\RemoteInstaller\RemoteInstaller.csproj]
C:\projects\远程安装应用\RemoteInstaller\Services\SshService.cs(1541,22): warning CS8602: 解引用可能出现空引用。 [C:\projects\远程安装应用\RemoteInstaller\RemoteInstaller.csproj]
C:\projects\远程安装应用\RemoteInstaller\ViewModels\MainViewModel.cs(1923,38): warning CS8601: 可能的 null 引用赋值。 [C:\projects\远程安装应用\RemoteInstaller\RemoteInstaller.csproj]
C:\projects\远程安装应用\RemoteInstaller\ViewModels\InstallConfigViewModel.cs(2069,24): warning CS8619: 类型“IEnumerable<string?>”的值中引用类型的为 Null 性与目标类型“IEnumerable<string>”不匹配。 [C:\projects\远程安装应用\RemoteInstaller\RemoteInstaller.csproj]
C:\projects\远程安装应用\RemoteInstaller\ViewModels\InstallConfigViewModel.cs(2088,20): warning CS8619: 类型“IEnumerable<string?>”的值中引用类型的为 Null 性与目标类型“IEnumerable<string>”不匹配。 [C:\projects\远程安装应用\RemoteInstaller\RemoteInstaller.csproj]
C:\projects\远程安装应用\RemoteInstaller\ViewModels\InstallConfigViewModel.cs(2098,20): warning CS8619: 类型“IEnumerable<string?>”的值中引用类型的为 Null 性与目标类型“IEnumerable<string>”不匹配。 [C:\projects\远程安装应用\RemoteInstaller\RemoteInstaller.csproj]
C:\projects\远程安装应用\RemoteInstaller\ViewModels\SettingsViewModel.cs(191,28): warning MVVMTK0039: The method RemoteInstaller.ViewModels.SettingsViewModel.TestRepositoryConnection() annotated with [RelayCommand] is async void (make sure to return a Task type instead) (https://aka.ms/mvvmtoolkit/errors/mvvmtk0039) [C:\projects\远程安装应用\RemoteInstaller\RemoteInstaller.csproj]
C:\projects\远程安装应用\RemoteInstaller\ViewModels\MainViewModel.cs(903,17): warning MVVMTK0034: The field RemoteInstaller.ViewModels.MainViewModel._applications is annotated with [ObservableProperty] and should not be directly referenced (use the generated property instead) (https://aka.ms/mvvmtoolkit/errors/mvvmtk0034) [C:\projects\远程安装应用\RemoteInstaller\RemoteInstaller.csproj]
C:\projects\远程安装应用\RemoteInstaller\ViewModels\MainViewModel.cs(2718,28): warning MVVMTK0039: The method RemoteInstaller.ViewModels.MainViewModel.ConfigureApplication(RemoteInstaller.ViewModels.ApplicationCardViewModel) annotated with [RelayCommand] is async void (make sure to return a Task type instead) (https://aka.ms/mvvmtoolkit/errors/mvvmtk0039) [C:\projects\远程安装应用\RemoteInstaller\RemoteInstaller.csproj]
  RemoteInstaller -> C:\projects\远程安装应用\RemoteInstaller\bin\Debug\net10.0-windows\RemoteInstaller.dll
  RemoteInstaller.Tests -> C:\projects\远程安装应用\RemoteInstaller.Tests\bin\Debug\net10.0-windows\RemoteInstaller.Tests.dll

已成功生成。

C:\projects\远程安装应用\RemoteInstaller\RemoteInstaller.csproj : warning NU1510: PackageReference System.Text.Json 将不会删除。请考虑从依赖项中移除此包，因为可能不需要它。 [C:\projects\远程安装应用\RemoteInstaller.sln]
C:\projects\远程安装应用\RemoteInstaller.Tests\RemoteInstaller.Tests.csproj : warning NU1902: 包 "SSH.NET" 2020.0.0 具有已知的 中 严重性漏洞，https://github.com/advisories/GHSA-72p8-v4hg-v45p [C:\projects\远程安装应用\RemoteInstaller.sln]
C:\projects\远程安装应用\RemoteInstaller\RemoteInstaller.csproj : warning NU1510: PackageReference System.Security.Cryptography.ProtectedData 将不会删除。请考虑从依赖项中移除此包，因为可能不需要它。 [C:\projects\远程安装应用\RemoteInstaller.sln]
C:\projects\远程安装应用\RemoteInstaller\RemoteInstaller.csproj : warning NU1510: PackageReference System.Text.Encoding.CodePages 将不会删除。请考虑从依赖项中移除此包，因为可能不需要它。 [C:\projects\远程安装应用\RemoteInstaller.sln]
C:\projects\远程安装应用\RemoteInstaller\RemoteInstaller.csproj : warning NU1902: 包 "SSH.NET" 2020.0.0 具有已知的 中 严重性漏洞，https://github.com/advisories/GHSA-72p8-v4hg-v45p [C:\projects\远程安装应用\RemoteInstaller.sln]
C:\projects\远程安装应用\RemoteInstaller.Tests\RemoteInstaller.Tests.csproj : warning NU1902: 包 "SSH.NET" 2020.0.0 具有已知的 中 严重性漏洞，https://github.com/advisories/GHSA-72p8-v4hg-v45p
C:\projects\远程安装应用\RemoteInstaller\RemoteInstaller.csproj : warning NU1510: PackageReference System.Text.Json 将不会删除。请考虑从依赖项中移除此包，因为可能不需要它。
C:\projects\远程安装应用\RemoteInstaller\RemoteInstaller.csproj : warning NU1510: PackageReference System.Security.Cryptography.ProtectedData 将不会删除。请考虑从依赖项中移除此包，因为可能不需要它。
C:\projects\远程安装应用\RemoteInstaller\RemoteInstaller.csproj : warning NU1510: PackageReference System.Text.Encoding.CodePages 将不会删除。请考虑从依赖项中移除此包，因为可能不需要它。
C:\projects\远程安装应用\RemoteInstaller\RemoteInstaller.csproj : warning NU1902: 包 "SSH.NET" 2020.0.0 具有已知的 中 严重性漏洞，https://github.com/advisories/GHSA-72p8-v4hg-v45p
C:\projects\远程安装应用\RemoteInstaller\RemoteInstaller_g2jnq5ah_wpftmp.csproj : warning NU1510: PackageReference System.Text.Json 将不会删除。请考虑从依赖项中移除此包，因为可能不需要它。
C:\projects\远程安装应用\RemoteInstaller\RemoteInstaller_g2jnq5ah_wpftmp.csproj : warning NU1510: PackageReference System.Security.Cryptography.ProtectedData 将不会删除。请考虑从依赖项中移除此包，因为可能不需要它。
C:\projects\远程安装应用\RemoteInstaller\RemoteInstaller_g2jnq5ah_wpftmp.csproj : warning NU1510: PackageReference System.Text.Encoding.CodePages 将不会删除。请考虑从依赖项中移除此包，因为可能不需要它。
C:\projects\远程安装应用\RemoteInstaller\RemoteInstaller_g2jnq5ah_wpftmp.csproj : warning NU1902: 包 "SSH.NET" 2020.0.0 具有已知的 中 严重性漏洞，https://github.com/advisories/GHSA-72p8-v4hg-v45p
C:\projects\远程安装应用\RemoteInstaller\App.xaml.cs(47,41): warning CS8603: 可能返回 null 引用。 [C:\projects\远程安装应用\RemoteInstaller\RemoteInstaller_g2jnq5ah_wpftmp.csproj]
C:\projects\远程安装应用\RemoteInstaller\Models\RemoteHost.cs(18,12): warning CS8618: 在退出构造函数时，不可为 null 的 字段 "_name" 必须包含非 null 值。请考虑添加 "required" 修饰符或将该 字段 声明为可为 null。 [C:\projects\远程安装应用\RemoteInstaller\RemoteInstaller_g2jnq5ah_wpftmp.csproj]
C:\projects\远程安装应用\RemoteInstaller\Models\RemoteHost.cs(18,12): warning CS8618: 在退出构造函数时，不可为 null 的 字段 "_ipAddress" 必须包含非 null 值。请考虑添加 "required" 修饰符或将该 字段 声明为可为 null。 [C:\projects\远程安装应用\RemoteInstaller\RemoteInstaller_g2jnq5ah_wpftmp.csproj]
C:\projects\远程安装应用\RemoteInstaller\Models\RemoteHost.cs(18,12): warning CS8618: 在退出构造函数时，不可为 null 的 字段 "_username" 必须包含非 null 值。请考虑添加 "required" 修饰符或将该 字段 声明为可为 null。 [C:\projects\远程安装应用\RemoteInstaller\RemoteInstaller_g2jnq5ah_wpftmp.csproj]
C:\projects\远程安装应用\RemoteInstaller\Models\RemoteHost.cs(18,12): warning CS8618: 在退出构造函数时，不可为 null 的 字段 "_encryptedPassword" 必须包含非 null 值。请考虑添加 "required" 修饰符或将该 字段 声明为可为 null。 [C:\projects\远程安装应用\RemoteInstaller\RemoteInstaller_g2jnq5ah_wpftmp.csproj]
C:\projects\远程安装应用\RemoteInstaller\Models\RemoteHost.cs(18,12): warning CS8618: 在退出构造函数时，不可为 null 的 字段 "_keyPath" 必须包含非 null 值。请考虑添加 "required" 修饰符或将该 字段 声明为可为 null。 [C:\projects\远程安装应用\RemoteInstaller\RemoteInstaller_g2jnq5ah_wpftmp.csproj]
C:\projects\远程安装应用\RemoteInstaller\Models\RemoteHost.cs(18,12): warning CS8618: 在退出构造函数时，不可为 null 的 字段 "_encryptedKeyPassphrase" 必须包含非 null 值。请考虑添加 "required" 修饰符或将该 字段 声明为可为 null。 [C:\projects\远程安装应用\RemoteInstaller\RemoteInstaller_g2jnq5ah_wpftmp.csproj]
C:\projects\远程安装应用\RemoteInstaller\Models\RemoteHost.cs(18,12): warning CS8618: 在退出构造函数时，不可为 null 的 字段 "_groupName" 必须包含非 null 值。请考虑添加 "required" 修饰符或将该 字段 声明为可为 null。 [C:\projects\远程安装应用\RemoteInstaller\RemoteInstaller_g2jnq5ah_wpftmp.csproj]
C:\projects\远程安装应用\RemoteInstaller\Models\RemoteHost.cs(18,12): warning CS8618: 在退出构造函数时，不可为 null 的 字段 "_statusMessage" 必须包含非 null 值。请考虑添加 "required" 修饰符或将该 字段 声明为可为 null。 [C:\projects\远程安装应用\RemoteInstaller\RemoteInstaller_g2jnq5ah_wpftmp.csproj]
C:\projects\远程安装应用\RemoteInstaller\ViewModels\ApplicationCardViewModel.cs(21,16): warning CS8618: 在退出构造函数时，不可为 null 的 字段 "_installedVersion" 必须包含非 null 值。请考虑添加 "required" 修饰符或将该 字段 声明为可为 null。 [C:\projects\远程安装应用\RemoteInstaller\RemoteInstaller_g2jnq5ah_wpftmp.csproj]
C:\projects\远程安装应用\RemoteInstaller\Converters\Converters.cs(167,20): warning CS8603: 可能返回 null 引用。 [C:\projects\远程安装应用\RemoteInstaller\RemoteInstaller_g2jnq5ah_wpftmp.csproj]
C:\projects\远程安装应用\RemoteInstaller\Converters\Converters.cs(176,16): warning CS8603: 可能返回 null 引用。 [C:\projects\远程安装应用\RemoteInstaller\RemoteInstaller_g2jnq5ah_wpftmp.csproj]
C:\projects\远程安装应用\RemoteInstaller\Converters\Converters.cs(210,53): warning CS8604: “object Enum.Parse(Type enumType, string value)”中的形参“value”可能传入 null 引用实参。 [C:\projects\远程安装应用\RemoteInstaller\RemoteInstaller_g2jnq5ah_wpftmp.csproj]
C:\projects\远程安装应用\RemoteInstaller\Converters\Converters.cs(233,53): warning CS8604: “object Enum.Parse(Type enumType, string value)”中的形参“value”可能传入 null 引用实参。 [C:\projects\远程安装应用\RemoteInstaller\RemoteInstaller_g2jnq5ah_wpftmp.csproj]
C:\projects\远程安装应用\RemoteInstaller\Converters\Converters.cs(218,55): warning CS8604: “object Enum.Parse(Type enumType, string value)”中的形参“value”可能传入 null 引用实参。 [C:\projects\远程安装应用\RemoteInstaller\RemoteInstaller_g2jnq5ah_wpftmp.csproj]
C:\projects\远程安装应用\RemoteInstaller\Converters\Converters.cs(218,20): warning CS8603: 可能返回 null 引用。 [C:\projects\远程安装应用\RemoteInstaller\RemoteInstaller_g2jnq5ah_wpftmp.csproj]
C:\projects\远程安装应用\RemoteInstaller\Converters\Converters.cs(220,16): warning CS8603: 可能返回 null 引用。 [C:\projects\远程安装应用\RemoteInstaller\RemoteInstaller_g2jnq5ah_wpftmp.csproj]
C:\projects\远程安装应用\RemoteInstaller\Models\ApplicationInfo.cs(289,20): warning CS8618: 在退出构造函数时，不可为 null 的 字段 "_key" 必须包含非 null 值。请考虑添加 "required" 修饰符或将该 字段 声明为可为 null。 [C:\projects\远程安装应用\RemoteInstaller\RemoteInstaller_g2jnq5ah_wpftmp.csproj]
C:\projects\远程安装应用\RemoteInstaller\Models\ApplicationInfo.cs(292,20): warning CS8618: 在退出构造函数时，不可为 null 的 字段 "_name" 必须包含非 null 值。请考虑添加 "required" 修饰符或将该 字段 声明为可为 null。 [C:\projects\远程安装应用\RemoteInstaller\RemoteInstaller_g2jnq5ah_wpftmp.csproj]
C:\projects\远程安装应用\RemoteInstaller\Models\ApplicationInfo.cs(295,20): warning CS8618: 在退出构造函数时，不可为 null 的 字段 "_description" 必须包含非 null 值。请考虑添加 "required" 修饰符或将该 字段 声明为可为 null。 [C:\projects\远程安装应用\RemoteInstaller\RemoteInstaller_g2jnq5ah_wpftmp.csproj]
C:\projects\远程安装应用\RemoteInstaller\Models\ApplicationInfo.cs(304,20): warning CS8618: 在退出构造函数时，不可为 null 的 字段 "_defaultValue" 必须包含非 null 值。请考虑添加 "required" 修饰符或将该 字段 声明为可为 null。 [C:\projects\远程安装应用\RemoteInstaller\RemoteInstaller_g2jnq5ah_wpftmp.csproj]
C:\projects\远程安装应用\RemoteInstaller\Models\ApplicationInfo.cs(307,20): warning CS8618: 在退出构造函数时，不可为 null 的 字段 "_regexPattern" 必须包含非 null 值。请考虑添加 "required" 修饰符或将该 字段 声明为可为 null。 [C:\projects\远程安装应用\RemoteInstaller\RemoteInstaller_g2jnq5ah_wpftmp.csproj]
C:\projects\远程安装应用\RemoteInstaller\Services\DatabaseService.cs(1519,18): warning CS8601: 可能的 null 引用赋值。 [C:\projects\远程安装应用\RemoteInstaller\RemoteInstaller_g2jnq5ah_wpftmp.csproj]
C:\projects\远程安装应用\RemoteInstaller\Services\DatabaseService.cs(1520,20): warning CS8601: 可能的 null 引用赋值。 [C:\projects\远程安装应用\RemoteInstaller\RemoteInstaller_g2jnq5ah_wpftmp.csproj]
C:\projects\远程安装应用\RemoteInstaller\Services\DatabaseService.cs(1521,25): warning CS8601: 可能的 null 引用赋值。 [C:\projects\远程安装应用\RemoteInstaller\RemoteInstaller_g2jnq5ah_wpftmp.csproj]
C:\projects\远程安装应用\RemoteInstaller\Services\DatabaseService.cs(1523,24): warning CS8601: 可能的 null 引用赋值。 [C:\projects\远程安装应用\RemoteInstaller\RemoteInstaller_g2jnq5ah_wpftmp.csproj]
C:\projects\远程安装应用\RemoteInstaller\Services\DatabaseService.cs(1524,33): warning CS8601: 可能的 null 引用赋值。 [C:\projects\远程安装应用\RemoteInstaller\RemoteInstaller_g2jnq5ah_wpftmp.csproj]
C:\projects\远程安装应用\RemoteInstaller\Services\DatabaseService.cs(1526,23): warning CS8601: 可能的 null 引用赋值。 [C:\projects\远程安装应用\RemoteInstaller\RemoteInstaller_g2jnq5ah_wpftmp.csproj]
C:\projects\远程安装应用\RemoteInstaller\Services\DatabaseService.cs(1527,38): warning CS8601: 可能的 null 引用赋值。 [C:\projects\远程安装应用\RemoteInstaller\RemoteInstaller_g2jnq5ah_wpftmp.csproj]
C:\projects\远程安装应用\RemoteInstaller\Services\DatabaseService.cs(1531,25): warning CS8601: 可能的 null 引用赋值。 [C:\projects\远程安装应用\RemoteInstaller\RemoteInstaller_g2jnq5ah_wpftmp.csproj]
C:\projects\远程安装应用\RemoteInstaller\Services\DatabaseService.cs(1533,29): warning CS8601: 可能的 null 引用赋值。 [C:\projects\远程安装应用\RemoteInstaller\RemoteInstaller_g2jnq5ah_wpftmp.csproj]
C:\projects\远程安装应用\RemoteInstaller\Services\DatabaseService.cs(1534,144): warning CS8604: “DateTime DateTime.Parse(string s)”中的形参“s”可能传入 null 引用实参。 [C:\projects\远程安装应用\RemoteInstaller\RemoteInstaller_g2jnq5ah_wpftmp.csproj]
C:\projects\远程安装应用\RemoteInstaller\Services\DatabaseService.cs(1535,40): warning CS8604: “DateTime DateTime.Parse(string s)”中的形参“s”可能传入 null 引用实参。 [C:\projects\远程安装应用\RemoteInstaller\RemoteInstaller_g2jnq5ah_wpftmp.csproj]
C:\projects\远程安装应用\RemoteInstaller\Services\DatabaseService.cs(1536,40): warning CS8604: “DateTime DateTime.Parse(string s)”中的形参“s”可能传入 null 引用实参。 [C:\projects\远程安装应用\RemoteInstaller\RemoteInstaller_g2jnq5ah_wpftmp.csproj]
C:\projects\远程安装应用\RemoteInstaller\Models\ApplicationStatus.cs(14,20): warning CS8618: 在退出构造函数时，不可为 null 的 字段 "_installedVersion" 必须包含非 null 值。请考虑添加 "required" 修饰符或将该 字段 声明为可为 null。 [C:\projects\远程安装应用\RemoteInstaller\RemoteInstaller_g2jnq5ah_wpftmp.csproj]
C:\projects\远程安装应用\RemoteInstaller\Models\ApplicationStatus.cs(20,20): warning CS8618: 在退出构造函数时，不可为 null 的 字段 "_port" 必须包含非 null 值。请考虑添加 "required" 修饰符或将该 字段 声明为可为 null。 [C:\projects\远程安装应用\RemoteInstaller\RemoteInstaller_g2jnq5ah_wpftmp.csproj]
C:\projects\远程安装应用\RemoteInstaller\Models\ApplicationStatus.cs(23,20): warning CS8618: 在退出构造函数时，不可为 null 的 字段 "_installPath" 必须包含非 null 值。请考虑添加 "required" 修饰符或将该 字段 声明为可为 null。 [C:\projects\远程安装应用\RemoteInstaller\RemoteInstaller_g2jnq5ah_wpftmp.csproj]
C:\projects\远程安装应用\RemoteInstaller\Models\ApplicationStatus.cs(26,20): warning CS8618: 在退出构造函数时，不可为 null 的 字段 "_processName" 必须包含非 null 值。请考虑添加 "required" 修饰符或将该 字段 声明为可为 null。 [C:\projects\远程安装应用\RemoteInstaller\RemoteInstaller_g2jnq5ah_wpftmp.csproj]
C:\projects\远程安装应用\RemoteInstaller\Models\ApplicationStatus.cs(29,20): warning CS8618: 在退出构造函数时，不可为 null 的 字段 "_errorMessage" 必须包含非 null 值。请考虑添加 "required" 修饰符或将该 字段 声明为可为 null。 [C:\projects\远程安装应用\RemoteInstaller\RemoteInstaller_g2jnq5ah_wpftmp.csproj]
C:\projects\远程安装应用\RemoteInstaller\Services\DatabaseService.cs(1544,18): warning CS8601: 可能的 null 引用赋值。 [C:\projects\远程安装应用\RemoteInstaller\RemoteInstaller_g2jnq5ah_wpftmp.csproj]
C:\projects\远程安装应用\RemoteInstaller\Services\DatabaseService.cs(1545,22): warning CS8601: 可能的 null 引用赋值。 [C:\projects\远程安装应用\RemoteInstaller\RemoteInstaller_g2jnq5ah_wpftmp.csproj]
C:\projects\远程安装应用\RemoteInstaller\Services\DatabaseService.cs(1546,24): warning CS8601: 可能的 null 引用赋值。 [C:\projects\远程安装应用\RemoteInstaller\RemoteInstaller_g2jnq5ah_wpftmp.csproj]
C:\projects\远程安装应用\RemoteInstaller\Services\DatabaseService.cs(1547,21): warning CS8601: 可能的 null 引用赋值。 [C:\projects\远程安装应用\RemoteInstaller\RemoteInstaller_g2jnq5ah_wpftmp.csproj]
C:\projects\远程安装应用\RemoteInstaller\Services\DatabaseService.cs(1548,23): warning CS8601: 可能的 null 引用赋值。 [C:\projects\远程安装应用\RemoteInstaller\RemoteInstaller_g2jnq5ah_wpftmp.csproj]
C:\projects\远程安装应用\RemoteInstaller\Services\DatabaseService.cs(1549,26): warning CS8601: 可能的 null 引用赋值。 [C:\projects\远程安装应用\RemoteInstaller\RemoteInstaller_g2jnq5ah_wpftmp.csproj]
C:\projects\远程安装应用\RemoteInstaller\Services\DatabaseService.cs(1553,28): warning CS8601: 可能的 null 引用赋值。 [C:\projects\远程安装应用\RemoteInstaller\RemoteInstaller_g2jnq5ah_wpftmp.csproj]
C:\projects\远程安装应用\RemoteInstaller\Services\DatabaseService.cs(1554,40): warning CS8604: “DateTime DateTime.Parse(string s)”中的形参“s”可能传入 null 引用实参。 [C:\projects\远程安装应用\RemoteInstaller\RemoteInstaller_g2jnq5ah_wpftmp.csproj]
C:\projects\远程安装应用\RemoteInstaller\Services\DatabaseService.cs(1555,38): warning CS8604: “DateTime DateTime.Parse(string s)”中的形参“s”可能传入 null 引用实参。 [C:\projects\远程安装应用\RemoteInstaller\RemoteInstaller_g2jnq5ah_wpftmp.csproj]
C:\projects\远程安装应用\RemoteInstaller\ViewModels\AddHostViewModel.cs(618,33): warning CS8601: 可能的 null 引用赋值。 [C:\projects\远程安装应用\RemoteInstaller\RemoteInstaller_g2jnq5ah_wpftmp.csproj]
C:\projects\远程安装应用\RemoteInstaller\ViewModels\AddHostViewModel.cs(620,23): warning CS8601: 可能的 null 引用赋值。 [C:\projects\远程安装应用\RemoteInstaller\RemoteInstaller_g2jnq5ah_wpftmp.csproj]
C:\projects\远程安装应用\RemoteInstaller\ViewModels\AddHostViewModel.cs(621,38): warning CS8601: 可能的 null 引用赋值。 [C:\projects\远程安装应用\RemoteInstaller\RemoteInstaller_g2jnq5ah_wpftmp.csproj]
C:\projects\远程安装应用\RemoteInstaller\ViewModels\AddHostViewModel.cs(626,25): warning CS8601: 可能的 null 引用赋值。 [C:\projects\远程安装应用\RemoteInstaller\RemoteInstaller_g2jnq5ah_wpftmp.csproj]
C:\projects\远程安装应用\RemoteInstaller\Models\ApplicationInfo.cs(15,20): warning CS8618: 在退出构造函数时，不可为 null 的 字段 "_id" 必须包含非 null 值。请考虑添加 "required" 修饰符或将该 字段 声明为可为 null。 [C:\projects\远程安装应用\RemoteInstaller\RemoteInstaller_g2jnq5ah_wpftmp.csproj]
C:\projects\远程安装应用\RemoteInstaller\Models\ApplicationInfo.cs(18,20): warning CS8618: 在退出构造函数时，不可为 null 的 字段 "_name" 必须包含非 null 值。请考虑添加 "required" 修饰符或将该 字段 声明为可为 null。 [C:\projects\远程安装应用\RemoteInstaller\RemoteInstaller_g2jnq5ah_wpftmp.csproj]
C:\projects\远程安装应用\RemoteInstaller\Models\ApplicationInfo.cs(21,20): warning CS8618: 在退出构造函数时，不可为 null 的 字段 "_version" 必须包含非 null 值。请考虑添加 "required" 修饰符或将该 字段 声明为可为 null。 [C:\projects\远程安装应用\RemoteInstaller\RemoteInstaller_g2jnq5ah_wpftmp.csproj]
C:\projects\远程安装应用\RemoteInstaller\Models\ApplicationInfo.cs(24,20): warning CS8618: 在退出构造函数时，不可为 null 的 字段 "_description" 必须包含非 null 值。请考虑添加 "required" 修饰符或将该 字段 声明为可为 null。 [C:\projects\远程安装应用\RemoteInstaller\RemoteInstaller_g2jnq5ah_wpftmp.csproj]
C:\projects\远程安装应用\RemoteInstaller\Models\ApplicationInfo.cs(27,20): warning CS8618: 在退出构造函数时，不可为 null 的 字段 "_iconPath" 必须包含非 null 值。请考虑添加 "required" 修饰符或将该 字段 声明为可为 null。 [C:\projects\远程安装应用\RemoteInstaller\RemoteInstaller_g2jnq5ah_wpftmp.csproj]
C:\projects\远程安装应用\RemoteInstaller\Models\ApplicationInfo.cs(30,20): warning CS8618: 在退出构造函数时，不可为 null 的 字段 "_category" 必须包含非 null 值。请考虑添加 "required" 修饰符或将该 字段 声明为可为 null。 [C:\projects\远程安装应用\RemoteInstaller\RemoteInstaller_g2jnq5ah_wpftmp.csproj]
C:\projects\远程安装应用\RemoteInstaller\Models\ApplicationInfo.cs(42,20): warning CS8618: 在退出构造函数时，不可为 null 的 字段 "_downloadUrl" 必须包含非 null 值。请考虑添加 "required" 修饰符或将该 字段 声明为可为 null。 [C:\projects\远程安装应用\RemoteInstaller\RemoteInstaller_g2jnq5ah_wpftmp.csproj]
C:\projects\远程安装应用\RemoteInstaller\Models\ApplicationInfo.cs(45,20): warning CS8618: 在退出构造函数时，不可为 null 的 字段 "_installScriptLinux" 必须包含非 null 值。请考虑添加 "required" 修饰符或将该 字段 声明为可为 null。 [C:\projects\远程安装应用\RemoteInstaller\RemoteInstaller_g2jnq5ah_wpftmp.csproj]
C:\projects\远程安装应用\RemoteInstaller\Models\ApplicationInfo.cs(48,20): warning CS8618: 在退出构造函数时，不可为 null 的 字段 "_installScriptWindows" 必须包含非 null 值。请考虑添加 "required" 修饰符或将该 字段 声明为可为 null。 [C:\projects\远程安装应用\RemoteInstaller\RemoteInstaller_g2jnq5ah_wpftmp.csproj]
C:\projects\远程安装应用\RemoteInstaller\Models\ApplicationInfo.cs(51,20): warning CS8618: 在退出构造函数时，不可为 null 的 字段 "_uninstallScriptLinux" 必须包含非 null 值。请考虑添加 "required" 修饰符或将该 字段 声明为可为 null。 [C:\projects\远程安装应用\RemoteInstaller\RemoteInstaller_g2jnq5ah_wpftmp.csproj]
C:\projects\远程安装应用\RemoteInstaller\Models\ApplicationInfo.cs(54,20): warning CS8618: 在退出构造函数时，不可为 null 的 字段 "_uninstallScriptWindows" 必须包含非 null 值。请考虑添加 "required" 修饰符或将该 字段 声明为可为 null。 [C:\projects\远程安装应用\RemoteInstaller\RemoteInstaller_g2jnq5ah_wpftmp.csproj]
C:\projects\远程安装应用\RemoteInstaller\Models\ApplicationInfo.cs(57,20): warning CS8618: 在退出构造函数时，不可为 null 的 字段 "_checkScriptLinux" 必须包含非 null 值。请考虑添加 "required" 修饰符或将该 字段 声明为可为 null。 [C:\projects\远程安装应用\RemoteInstaller\RemoteInstaller_g2jnq5ah_wpftmp.csproj]
C:\projects\远程安装应用\RemoteInstaller\Models\ApplicationInfo.cs(60,20): warning CS8618: 在退出构造函数时，不可为 null 的 字段 "_checkScriptWindows" 必须包含非 null 值。请考虑添加 "required" 修饰符或将该 字段 声明为可为 null。 [C:\projects\远程安装应用\RemoteInstaller\RemoteInstaller_g2jnq5ah_wpftmp.csproj]
C:\projects\远程安装应用\RemoteInstaller\Models\ApplicationInfo.cs(108,20): warning CS8618: 在退出构造函数时，不可为 null 的 字段 "_installedVersion" 必须包含非 null 值。请考虑添加 "required" 修饰符或将该 字段 声明为可为 null。 [C:\projects\远程安装应用\RemoteInstaller\RemoteInstaller_g2jnq5ah_wpftmp.csproj]
C:\projects\远程安装应用\RemoteInstaller\Models\ApplicationInfo.cs(114,20): warning CS8618: 在退出构造函数时，不可为 null 的 字段 "_hostId" 必须包含非 null 值。请考虑添加 "required" 修饰符或将该 字段 声明为可为 null。 [C:\projects\远程安装应用\RemoteInstaller\RemoteInstaller_g2jnq5ah_wpftmp.csproj]
C:\projects\远程安装应用\RemoteInstaller\Models\ApplicationInfo.cs(120,20): warning CS8618: 在退出构造函数时，不可为 null 的 字段 "_osType" 必须包含非 null 值。请考虑添加 "required" 修饰符或将该 字段 声明为可为 null。 [C:\projects\远程安装应用\RemoteInstaller\RemoteInstaller_g2jnq5ah_wpftmp.csproj]
C:\projects\远程安装应用\RemoteInstaller\ViewModels\SettingsViewModel.cs(128,16): warning CS8618: 在退出构造函数时，不可为 null 的 字段 "_originalSettings" 必须包含非 null 值。请考虑添加 "required" 修饰符或将该 字段 声明为可为 null。 [C:\projects\远程安装应用\RemoteInstaller\RemoteInstaller_g2jnq5ah_wpftmp.csproj]
C:\projects\远程安装应用\RemoteInstaller\Services\SshService.cs(616,30): warning CS0168: 声明了变量“ex”，但从未使用过 [C:\projects\远程安装应用\RemoteInstaller\RemoteInstaller_g2jnq5ah_wpftmp.csproj]
C:\projects\远程安装应用\RemoteInstaller\Services\DatabaseService.cs(979,77): warning CS8604: “DateTime DateTime.Parse(string s)”中的形参“s”可能传入 null 引用实参。 [C:\projects\远程安装应用\RemoteInstaller\RemoteInstaller_g2jnq5ah_wpftmp.csproj]
C:\projects\远程安装应用\RemoteInstaller\Services\DatabaseService.cs(980,75): warning CS8604: “DateTime DateTime.Parse(string s)”中的形参“s”可能传入 null 引用实参。 [C:\projects\远程安装应用\RemoteInstaller\RemoteInstaller_g2jnq5ah_wpftmp.csproj]
C:\projects\远程安装应用\RemoteInstaller\ViewModels\SettingsViewModel.cs(426,33): warning CS8601: 可能的 null 引用赋值。 [C:\projects\远程安装应用\RemoteInstaller\RemoteInstaller_g2jnq5ah_wpftmp.csproj]
C:\projects\远程安装应用\RemoteInstaller\ViewModels\SettingsViewModel.cs(427,35): warning CS8601: 可能的 null 引用赋值。 [C:\projects\远程安装应用\RemoteInstaller\RemoteInstaller_g2jnq5ah_wpftmp.csproj]
C:\projects\远程安装应用\RemoteInstaller\ViewModels\SettingsViewModel.cs(430,29): warning CS8601: 可能的 null 引用赋值。 [C:\projects\远程安装应用\RemoteInstaller\RemoteInstaller_g2jnq5ah_wpftmp.csproj]
C:\projects\远程安装应用\RemoteInstaller\ViewModels\SettingsViewModel.cs(432,33): warning CS8601: 可能的 null 引用赋值。 [C:\projects\远程安装应用\RemoteInstaller\RemoteInstaller_g2jnq5ah_wpftmp.csproj]
C:\projects\远程安装应用\RemoteInstaller\ViewModels\SettingsViewModel.cs(433,33): warning CS8601: 可能的 null 引用赋值。 [C:\projects\远程安装应用\RemoteInstaller\RemoteInstaller_g2jnq5ah_wpftmp.csproj]
C:\projects\远程安装应用\RemoteInstaller\ViewModels\SettingsViewModel.cs(437,34): warning CS8601: 可能的 null 引用赋值。 [C:\projects\远程安装应用\RemoteInstaller\RemoteInstaller_g2jnq5ah_wpftmp.csproj]
C:\projects\远程安装应用\RemoteInstaller\Models\InstallTask.cs(15,20): warning CS8618: 在退出构造函数时，不可为 null 的 字段 "_hostId" 必须包含非 null 值。请考虑添加 "required" 修饰符或将该 字段 声明为可为 null。 [C:\projects\远程安装应用\RemoteInstaller\RemoteInstaller_g2jnq5ah_wpftmp.csproj]
C:\projects\远程安装应用\RemoteInstaller\Models\InstallTask.cs(18,20): warning CS8618: 在退出构造函数时，不可为 null 的 字段 "_hostName" 必须包含非 null 值。请考虑添加 "required" 修饰符或将该 字段 声明为可为 null。 [C:\projects\远程安装应用\RemoteInstaller\RemoteInstaller_g2jnq5ah_wpftmp.csproj]
C:\projects\远程安装应用\RemoteInstaller\Models\InstallTask.cs(21,20): warning CS8618: 在退出构造函数时，不可为 null 的 字段 "_appId" 必须包含非 null 值。请考虑添加 "required" 修饰符或将该 字段 声明为可为 null。 [C:\projects\远程安装应用\RemoteInstaller\RemoteInstaller_g2jnq5ah_wpftmp.csproj]
C:\projects\远程安装应用\RemoteInstaller\Models\InstallTask.cs(24,20): warning CS8618: 在退出构造函数时，不可为 null 的 字段 "_appName" 必须包含非 null 值。请考虑添加 "required" 修饰符或将该 字段 声明为可为 null。 [C:\projects\远程安装应用\RemoteInstaller\RemoteInstaller_g2jnq5ah_wpftmp.csproj]
C:\projects\远程安装应用\RemoteInstaller\Models\InstallTask.cs(27,20): warning CS8618: 在退出构造函数时，不可为 null 的 字段 "_appVersion" 必须包含非 null 值。请考虑添加 "required" 修饰符或将该 字段 声明为可为 null。 [C:\projects\远程安装应用\RemoteInstaller\RemoteInstaller_g2jnq5ah_wpftmp.csproj]
C:\projects\远程安装应用\RemoteInstaller\Models\InstallTask.cs(39,20): warning CS8618: 在退出构造函数时，不可为 null 的 字段 "_errorMessage" 必须包含非 null 值。请考虑添加 "required" 修饰符或将该 字段 声明为可为 null。 [C:\projects\远程安装应用\RemoteInstaller\RemoteInstaller_g2jnq5ah_wpftmp.csproj]
C:\projects\远程安装应用\RemoteInstaller\Services\DatabaseService.cs(1399,40): warning CS8604: “DateTime DateTime.Parse(string s)”中的形参“s”可能传入 null 引用实参。 [C:\projects\远程安装应用\RemoteInstaller\RemoteInstaller_g2jnq5ah_wpftmp.csproj]
C:\projects\远程安装应用\RemoteInstaller\Services\DatabaseService.cs(1421,40): warning CS8604: “DateTime DateTime.Parse(string s)”中的形参“s”可能传入 null 引用实参。 [C:\projects\远程安装应用\RemoteInstaller\RemoteInstaller_g2jnq5ah_wpftmp.csproj]
C:\projects\远程安装应用\RemoteInstaller\Services\DatabaseService.cs(1422,124): warning CS8604: “DateTime DateTime.Parse(string s)”中的形参“s”可能传入 null 引用实参。 [C:\projects\远程安装应用\RemoteInstaller\RemoteInstaller_g2jnq5ah_wpftmp.csproj]
C:\projects\远程安装应用\RemoteInstaller\Services\SshService.cs(1411,34): warning CS8602: 解引用可能出现空引用。 [C:\projects\远程安装应用\RemoteInstaller\RemoteInstaller_g2jnq5ah_wpftmp.csproj]
C:\projects\远程安装应用\RemoteInstaller\Services\SshService.cs(1415,21): warning CS8602: 解引用可能出现空引用。 [C:\projects\远程安装应用\RemoteInstaller\RemoteInstaller_g2jnq5ah_wpftmp.csproj]
C:\projects\远程安装应用\RemoteInstaller\Services\SshService.cs(1427,38): warning CS8602: 解引用可能出现空引用。 [C:\projects\远程安装应用\RemoteInstaller\RemoteInstaller_g2jnq5ah_wpftmp.csproj]
C:\projects\远程安装应用\RemoteInstaller\Services\SshService.cs(1446,43): warning CS8602: 解引用可能出现空引用。 [C:\projects\远程安装应用\RemoteInstaller\RemoteInstaller_g2jnq5ah_wpftmp.csproj]
C:\projects\远程安装应用\RemoteInstaller\Services\SshService.cs(1541,22): warning CS8602: 解引用可能出现空引用。 [C:\projects\远程安装应用\RemoteInstaller\RemoteInstaller_g2jnq5ah_wpftmp.csproj]
C:\projects\远程安装应用\RemoteInstaller\ViewModels\MainViewModel.cs(1661,29): warning CS8601: 可能的 null 引用赋值。 [C:\projects\远程安装应用\RemoteInstaller\RemoteInstaller_g2jnq5ah_wpftmp.csproj]
C:\projects\远程安装应用\RemoteInstaller\ViewModels\MainViewModel.cs(1923,38): warning CS8601: 可能的 null 引用赋值。 [C:\projects\远程安装应用\RemoteInstaller\RemoteInstaller_g2jnq5ah_wpftmp.csproj]
C:\projects\远程安装应用\RemoteInstaller\ViewModels\InstallConfigViewModel.cs(2069,24): warning CS8619: 类型“IEnumerable<string?>”的值中引用类型的为 Null 性与目标类型“IEnumerable<string>”不匹配。 [C:\projects\远程安装应用\RemoteInstaller\RemoteInstaller_g2jnq5ah_wpftmp.csproj]
C:\projects\远程安装应用\RemoteInstaller\ViewModels\InstallConfigViewModel.cs(2088,20): warning CS8619: 类型“IEnumerable<string?>”的值中引用类型的为 Null 性与目标类型“IEnumerable<string>”不匹配。 [C:\projects\远程安装应用\RemoteInstaller\RemoteInstaller_g2jnq5ah_wpftmp.csproj]
C:\projects\远程安装应用\RemoteInstaller\ViewModels\InstallConfigViewModel.cs(2098,20): warning CS8619: 类型“IEnumerable<string?>”的值中引用类型的为 Null 性与目标类型“IEnumerable<string>”不匹配。 [C:\projects\远程安装应用\RemoteInstaller\RemoteInstaller_g2jnq5ah_wpftmp.csproj]
C:\projects\远程安装应用\RemoteInstaller\ViewModels\SettingsViewModel.cs(191,28): warning MVVMTK0039: The method RemoteInstaller.ViewModels.SettingsViewModel.TestRepositoryConnection() annotated with [RelayCommand] is async void (make sure to return a Task type instead) (https://aka.ms/mvvmtoolkit/errors/mvvmtk0039) [C:\projects\远程安装应用\RemoteInstaller\RemoteInstaller_g2jnq5ah_wpftmp.csproj]
C:\projects\远程安装应用\RemoteInstaller\ViewModels\MainViewModel.cs(903,17): warning MVVMTK0034: The field RemoteInstaller.ViewModels.MainViewModel._applications is annotated with [ObservableProperty] and should not be directly referenced (use the generated property instead) (https://aka.ms/mvvmtoolkit/errors/mvvmtk0034) [C:\projects\远程安装应用\RemoteInstaller\RemoteInstaller_g2jnq5ah_wpftmp.csproj]
C:\projects\远程安装应用\RemoteInstaller\ViewModels\MainViewModel.cs(2718,28): warning MVVMTK0039: The method RemoteInstaller.ViewModels.MainViewModel.ConfigureApplication(RemoteInstaller.ViewModels.ApplicationCardViewModel) annotated with [RelayCommand] is async void (make sure to return a Task type instead) (https://aka.ms/mvvmtoolkit/errors/mvvmtk0039) [C:\projects\远程安装应用\RemoteInstaller\RemoteInstaller_g2jnq5ah_wpftmp.csproj]
C:\projects\远程安装应用\RemoteInstaller\Converters\Converters.cs(210,53): warning CS8604: “object Enum.Parse(Type enumType, string value)”中的形参“value”可能传入 null 引用实参。 [C:\projects\远程安装应用\RemoteInstaller\RemoteInstaller.csproj]
C:\projects\远程安装应用\RemoteInstaller\Converters\Converters.cs(233,53): warning CS8604: “object Enum.Parse(Type enumType, string value)”中的形参“value”可能传入 null 引用实参。 [C:\projects\远程安装应用\RemoteInstaller\RemoteInstaller.csproj]
C:\projects\远程安装应用\RemoteInstaller\App.xaml.cs(47,41): warning CS8603: 可能返回 null 引用。 [C:\projects\远程安装应用\RemoteInstaller\RemoteInstaller.csproj]
C:\projects\远程安装应用\RemoteInstaller\Converters\Converters.cs(167,20): warning CS8603: 可能返回 null 引用。 [C:\projects\远程安装应用\RemoteInstaller\RemoteInstaller.csproj]
C:\projects\远程安装应用\RemoteInstaller\Converters\Converters.cs(176,16): warning CS8603: 可能返回 null 引用。 [C:\projects\远程安装应用\RemoteInstaller\RemoteInstaller.csproj]
C:\projects\远程安装应用\RemoteInstaller\Converters\Converters.cs(218,55): warning CS8604: “object Enum.Parse(Type enumType, string value)”中的形参“value”可能传入 null 引用实参。 [C:\projects\远程安装应用\RemoteInstaller\RemoteInstaller.csproj]
C:\projects\远程安装应用\RemoteInstaller\Converters\Converters.cs(218,20): warning CS8603: 可能返回 null 引用。 [C:\projects\远程安装应用\RemoteInstaller\RemoteInstaller.csproj]
C:\projects\远程安装应用\RemoteInstaller\Converters\Converters.cs(220,16): warning CS8603: 可能返回 null 引用。 [C:\projects\远程安装应用\RemoteInstaller\RemoteInstaller.csproj]
C:\projects\远程安装应用\RemoteInstaller\ViewModels\ApplicationCardViewModel.cs(21,16): warning CS8618: 在退出构造函数时，不可为 null 的 字段 "_installedVersion" 必须包含非 null 值。请考虑添加 "required" 修饰符或将该 字段 声明为可为 null。 [C:\projects\远程安装应用\RemoteInstaller\RemoteInstaller.csproj]
C:\projects\远程安装应用\RemoteInstaller\Models\RemoteHost.cs(18,12): warning CS8618: 在退出构造函数时，不可为 null 的 字段 "_name" 必须包含非 null 值。请考虑添加 "required" 修饰符或将该 字段 声明为可为 null。 [C:\projects\远程安装应用\RemoteInstaller\RemoteInstaller.csproj]
C:\projects\远程安装应用\RemoteInstaller\Models\RemoteHost.cs(18,12): warning CS8618: 在退出构造函数时，不可为 null 的 字段 "_ipAddress" 必须包含非 null 值。请考虑添加 "required" 修饰符或将该 字段 声明为可为 null。 [C:\projects\远程安装应用\RemoteInstaller\RemoteInstaller.csproj]
C:\projects\远程安装应用\RemoteInstaller\Models\RemoteHost.cs(18,12): warning CS8618: 在退出构造函数时，不可为 null 的 字段 "_username" 必须包含非 null 值。请考虑添加 "required" 修饰符或将该 字段 声明为可为 null。 [C:\projects\远程安装应用\RemoteInstaller\RemoteInstaller.csproj]
C:\projects\远程安装应用\RemoteInstaller\Models\RemoteHost.cs(18,12): warning CS8618: 在退出构造函数时，不可为 null 的 字段 "_encryptedPassword" 必须包含非 null 值。请考虑添加 "required" 修饰符或将该 字段 声明为可为 null。 [C:\projects\远程安装应用\RemoteInstaller\RemoteInstaller.csproj]
C:\projects\远程安装应用\RemoteInstaller\Models\RemoteHost.cs(18,12): warning CS8618: 在退出构造函数时，不可为 null 的 字段 "_keyPath" 必须包含非 null 值。请考虑添加 "required" 修饰符或将该 字段 声明为可为 null。 [C:\projects\远程安装应用\RemoteInstaller\RemoteInstaller.csproj]
C:\projects\远程安装应用\RemoteInstaller\Models\RemoteHost.cs(18,12): warning CS8618: 在退出构造函数时，不可为 null 的 字段 "_encryptedKeyPassphrase" 必须包含非 null 值。请考虑添加 "required" 修饰符或将该 字段 声明为可为 null。 [C:\projects\远程安装应用\RemoteInstaller\RemoteInstaller.csproj]
C:\projects\远程安装应用\RemoteInstaller\Models\RemoteHost.cs(18,12): warning CS8618: 在退出构造函数时，不可为 null 的 字段 "_groupName" 必须包含非 null 值。请考虑添加 "required" 修饰符或将该 字段 声明为可为 null。 [C:\projects\远程安装应用\RemoteInstaller\RemoteInstaller.csproj]
C:\projects\远程安装应用\RemoteInstaller\Models\RemoteHost.cs(18,12): warning CS8618: 在退出构造函数时，不可为 null 的 字段 "_statusMessage" 必须包含非 null 值。请考虑添加 "required" 修饰符或将该 字段 声明为可为 null。 [C:\projects\远程安装应用\RemoteInstaller\RemoteInstaller.csproj]
C:\projects\远程安装应用\RemoteInstaller\Models\ApplicationInfo.cs(289,20): warning CS8618: 在退出构造函数时，不可为 null 的 字段 "_key" 必须包含非 null 值。请考虑添加 "required" 修饰符或将该 字段 声明为可为 null。 [C:\projects\远程安装应用\RemoteInstaller\RemoteInstaller.csproj]
C:\projects\远程安装应用\RemoteInstaller\Models\ApplicationInfo.cs(292,20): warning CS8618: 在退出构造函数时，不可为 null 的 字段 "_name" 必须包含非 null 值。请考虑添加 "required" 修饰符或将该 字段 声明为可为 null。 [C:\projects\远程安装应用\RemoteInstaller\RemoteInstaller.csproj]
C:\projects\远程安装应用\RemoteInstaller\Models\ApplicationInfo.cs(295,20): warning CS8618: 在退出构造函数时，不可为 null 的 字段 "_description" 必须包含非 null 值。请考虑添加 "required" 修饰符或将该 字段 声明为可为 null。 [C:\projects\远程安装应用\RemoteInstaller\RemoteInstaller.csproj]
C:\projects\远程安装应用\RemoteInstaller\Models\ApplicationInfo.cs(304,20): warning CS8618: 在退出构造函数时，不可为 null 的 字段 "_defaultValue" 必须包含非 null 值。请考虑添加 "required" 修饰符或将该 字段 声明为可为 null。 [C:\projects\远程安装应用\RemoteInstaller\RemoteInstaller.csproj]
C:\projects\远程安装应用\RemoteInstaller\Models\ApplicationInfo.cs(307,20): warning CS8618: 在退出构造函数时，不可为 null 的 字段 "_regexPattern" 必须包含非 null 值。请考虑添加 "required" 修饰符或将该 字段 声明为可为 null。 [C:\projects\远程安装应用\RemoteInstaller\RemoteInstaller.csproj]
C:\projects\远程安装应用\RemoteInstaller\ViewModels\AddHostViewModel.cs(618,33): warning CS8601: 可能的 null 引用赋值。 [C:\projects\远程安装应用\RemoteInstaller\RemoteInstaller.csproj]
C:\projects\远程安装应用\RemoteInstaller\ViewModels\AddHostViewModel.cs(620,23): warning CS8601: 可能的 null 引用赋值。 [C:\projects\远程安装应用\RemoteInstaller\RemoteInstaller.csproj]
C:\projects\远程安装应用\RemoteInstaller\ViewModels\AddHostViewModel.cs(621,38): warning CS8601: 可能的 null 引用赋值。 [C:\projects\远程安装应用\RemoteInstaller\RemoteInstaller.csproj]
C:\projects\远程安装应用\RemoteInstaller\ViewModels\AddHostViewModel.cs(626,25): warning CS8601: 可能的 null 引用赋值。 [C:\projects\远程安装应用\RemoteInstaller\RemoteInstaller.csproj]
C:\projects\远程安装应用\RemoteInstaller\ViewModels\SettingsViewModel.cs(128,16): warning CS8618: 在退出构造函数时，不可为 null 的 字段 "_originalSettings" 必须包含非 null 值。请考虑添加 "required" 修饰符或将该 字段 声明为可为 null。 [C:\projects\远程安装应用\RemoteInstaller\RemoteInstaller.csproj]
C:\projects\远程安装应用\RemoteInstaller\Services\DatabaseService.cs(1519,18): warning CS8601: 可能的 null 引用赋值。 [C:\projects\远程安装应用\RemoteInstaller\RemoteInstaller.csproj]
C:\projects\远程安装应用\RemoteInstaller\Services\DatabaseService.cs(1520,20): warning CS8601: 可能的 null 引用赋值。 [C:\projects\远程安装应用\RemoteInstaller\RemoteInstaller.csproj]
C:\projects\远程安装应用\RemoteInstaller\Services\DatabaseService.cs(1521,25): warning CS8601: 可能的 null 引用赋值。 [C:\projects\远程安装应用\RemoteInstaller\RemoteInstaller.csproj]
C:\projects\远程安装应用\RemoteInstaller\Services\DatabaseService.cs(1523,24): warning CS8601: 可能的 null 引用赋值。 [C:\projects\远程安装应用\RemoteInstaller\RemoteInstaller.csproj]
C:\projects\远程安装应用\RemoteInstaller\Services\DatabaseService.cs(1524,33): warning CS8601: 可能的 null 引用赋值。 [C:\projects\远程安装应用\RemoteInstaller\RemoteInstaller.csproj]
C:\projects\远程安装应用\RemoteInstaller\Services\DatabaseService.cs(1526,23): warning CS8601: 可能的 null 引用赋值。 [C:\projects\远程安装应用\RemoteInstaller\RemoteInstaller.csproj]
C:\projects\远程安装应用\RemoteInstaller\Services\DatabaseService.cs(1527,38): warning CS8601: 可能的 null 引用赋值。 [C:\projects\远程安装应用\RemoteInstaller\RemoteInstaller.csproj]
C:\projects\远程安装应用\RemoteInstaller\Services\DatabaseService.cs(1531,25): warning CS8601: 可能的 null 引用赋值。 [C:\projects\远程安装应用\RemoteInstaller\RemoteInstaller.csproj]
C:\projects\远程安装应用\RemoteInstaller\Services\DatabaseService.cs(1533,29): warning CS8601: 可能的 null 引用赋值。 [C:\projects\远程安装应用\RemoteInstaller\RemoteInstaller.csproj]
C:\projects\远程安装应用\RemoteInstaller\Services\DatabaseService.cs(1534,144): warning CS8604: “DateTime DateTime.Parse(string s)”中的形参“s”可能传入 null 引用实参。 [C:\projects\远程安装应用\RemoteInstaller\RemoteInstaller.csproj]
C:\projects\远程安装应用\RemoteInstaller\Services\DatabaseService.cs(1535,40): warning CS8604: “DateTime DateTime.Parse(string s)”中的形参“s”可能传入 null 引用实参。 [C:\projects\远程安装应用\RemoteInstaller\RemoteInstaller.csproj]
C:\projects\远程安装应用\RemoteInstaller\Services\DatabaseService.cs(1536,40): warning CS8604: “DateTime DateTime.Parse(string s)”中的形参“s”可能传入 null 引用实参。 [C:\projects\远程安装应用\RemoteInstaller\RemoteInstaller.csproj]
C:\projects\远程安装应用\RemoteInstaller\Models\ApplicationStatus.cs(14,20): warning CS8618: 在退出构造函数时，不可为 null 的 字段 "_installedVersion" 必须包含非 null 值。请考虑添加 "required" 修饰符或将该 字段 声明为可为 null。 [C:\projects\远程安装应用\RemoteInstaller\RemoteInstaller.csproj]
C:\projects\远程安装应用\RemoteInstaller\Models\ApplicationStatus.cs(20,20): warning CS8618: 在退出构造函数时，不可为 null 的 字段 "_port" 必须包含非 null 值。请考虑添加 "required" 修饰符或将该 字段 声明为可为 null。 [C:\projects\远程安装应用\RemoteInstaller\RemoteInstaller.csproj]
C:\projects\远程安装应用\RemoteInstaller\Models\ApplicationStatus.cs(23,20): warning CS8618: 在退出构造函数时，不可为 null 的 字段 "_installPath" 必须包含非 null 值。请考虑添加 "required" 修饰符或将该 字段 声明为可为 null。 [C:\projects\远程安装应用\RemoteInstaller\RemoteInstaller.csproj]
C:\projects\远程安装应用\RemoteInstaller\Models\ApplicationStatus.cs(26,20): warning CS8618: 在退出构造函数时，不可为 null 的 字段 "_processName" 必须包含非 null 值。请考虑添加 "required" 修饰符或将该 字段 声明为可为 null。 [C:\projects\远程安装应用\RemoteInstaller\RemoteInstaller.csproj]
C:\projects\远程安装应用\RemoteInstaller\Models\ApplicationStatus.cs(29,20): warning CS8618: 在退出构造函数时，不可为 null 的 字段 "_errorMessage" 必须包含非 null 值。请考虑添加 "required" 修饰符或将该 字段 声明为可为 null。 [C:\projects\远程安装应用\RemoteInstaller\RemoteInstaller.csproj]
C:\projects\远程安装应用\RemoteInstaller\Services\DatabaseService.cs(1544,18): warning CS8601: 可能的 null 引用赋值。 [C:\projects\远程安装应用\RemoteInstaller\RemoteInstaller.csproj]
C:\projects\远程安装应用\RemoteInstaller\Services\DatabaseService.cs(1545,22): warning CS8601: 可能的 null 引用赋值。 [C:\projects\远程安装应用\RemoteInstaller\RemoteInstaller.csproj]
C:\projects\远程安装应用\RemoteInstaller\Services\DatabaseService.cs(1546,24): warning CS8601: 可能的 null 引用赋值。 [C:\projects\远程安装应用\RemoteInstaller\RemoteInstaller.csproj]
C:\projects\远程安装应用\RemoteInstaller\Services\DatabaseService.cs(1547,21): warning CS8601: 可能的 null 引用赋值。 [C:\projects\远程安装应用\RemoteInstaller\RemoteInstaller.csproj]
C:\projects\远程安装应用\RemoteInstaller\Services\DatabaseService.cs(1548,23): warning CS8601: 可能的 null 引用赋值。 [C:\projects\远程安装应用\RemoteInstaller\RemoteInstaller.csproj]
C:\projects\远程安装应用\RemoteInstaller\Services\DatabaseService.cs(1549,26): warning CS8601: 可能的 null 引用赋值。 [C:\projects\远程安装应用\RemoteInstaller\RemoteInstaller.csproj]
C:\projects\远程安装应用\RemoteInstaller\Services\DatabaseService.cs(1553,28): warning CS8601: 可能的 null 引用赋值。 [C:\projects\远程安装应用\RemoteInstaller\RemoteInstaller.csproj]
C:\projects\远程安装应用\RemoteInstaller\Services\DatabaseService.cs(1554,40): warning CS8604: “DateTime DateTime.Parse(string s)”中的形参“s”可能传入 null 引用实参。 [C:\projects\远程安装应用\RemoteInstaller\RemoteInstaller.csproj]
C:\projects\远程安装应用\RemoteInstaller\Services\DatabaseService.cs(1555,38): warning CS8604: “DateTime DateTime.Parse(string s)”中的形参“s”可能传入 null 引用实参。 [C:\projects\远程安装应用\RemoteInstaller\RemoteInstaller.csproj]
C:\projects\远程安装应用\RemoteInstaller\Models\ApplicationInfo.cs(15,20): warning CS8618: 在退出构造函数时，不可为 null 的 字段 "_id" 必须包含非 null 值。请考虑添加 "required" 修饰符或将该 字段 声明为可为 null。 [C:\projects\远程安装应用\RemoteInstaller\RemoteInstaller.csproj]
C:\projects\远程安装应用\RemoteInstaller\Models\ApplicationInfo.cs(18,20): warning CS8618: 在退出构造函数时，不可为 null 的 字段 "_name" 必须包含非 null 值。请考虑添加 "required" 修饰符或将该 字段 声明为可为 null。 [C:\projects\远程安装应用\RemoteInstaller\RemoteInstaller.csproj]
C:\projects\远程安装应用\RemoteInstaller\Models\ApplicationInfo.cs(21,20): warning CS8618: 在退出构造函数时，不可为 null 的 字段 "_version" 必须包含非 null 值。请考虑添加 "required" 修饰符或将该 字段 声明为可为 null。 [C:\projects\远程安装应用\RemoteInstaller\RemoteInstaller.csproj]
C:\projects\远程安装应用\RemoteInstaller\Models\ApplicationInfo.cs(24,20): warning CS8618: 在退出构造函数时，不可为 null 的 字段 "_description" 必须包含非 null 值。请考虑添加 "required" 修饰符或将该 字段 声明为可为 null。 [C:\projects\远程安装应用\RemoteInstaller\RemoteInstaller.csproj]
C:\projects\远程安装应用\RemoteInstaller\Models\ApplicationInfo.cs(27,20): warning CS8618: 在退出构造函数时，不可为 null 的 字段 "_iconPath" 必须包含非 null 值。请考虑添加 "required" 修饰符或将该 字段 声明为可为 null。 [C:\projects\远程安装应用\RemoteInstaller\RemoteInstaller.csproj]
C:\projects\远程安装应用\RemoteInstaller\Models\ApplicationInfo.cs(30,20): warning CS8618: 在退出构造函数时，不可为 null 的 字段 "_category" 必须包含非 null 值。请考虑添加 "required" 修饰符或将该 字段 声明为可为 null。 [C:\projects\远程安装应用\RemoteInstaller\RemoteInstaller.csproj]
C:\projects\远程安装应用\RemoteInstaller\Models\ApplicationInfo.cs(42,20): warning CS8618: 在退出构造函数时，不可为 null 的 字段 "_downloadUrl" 必须包含非 null 值。请考虑添加 "required" 修饰符或将该 字段 声明为可为 null。 [C:\projects\远程安装应用\RemoteInstaller\RemoteInstaller.csproj]
C:\projects\远程安装应用\RemoteInstaller\Models\ApplicationInfo.cs(45,20): warning CS8618: 在退出构造函数时，不可为 null 的 字段 "_installScriptLinux" 必须包含非 null 值。请考虑添加 "required" 修饰符或将该 字段 声明为可为 null。 [C:\projects\远程安装应用\RemoteInstaller\RemoteInstaller.csproj]
C:\projects\远程安装应用\RemoteInstaller\Models\ApplicationInfo.cs(48,20): warning CS8618: 在退出构造函数时，不可为 null 的 字段 "_installScriptWindows" 必须包含非 null 值。请考虑添加 "required" 修饰符或将该 字段 声明为可为 null。 [C:\projects\远程安装应用\RemoteInstaller\RemoteInstaller.csproj]
C:\projects\远程安装应用\RemoteInstaller\Models\ApplicationInfo.cs(51,20): warning CS8618: 在退出构造函数时，不可为 null 的 字段 "_uninstallScriptLinux" 必须包含非 null 值。请考虑添加 "required" 修饰符或将该 字段 声明为可为 null。 [C:\projects\远程安装应用\RemoteInstaller\RemoteInstaller.csproj]
C:\projects\远程安装应用\RemoteInstaller\Models\ApplicationInfo.cs(54,20): warning CS8618: 在退出构造函数时，不可为 null 的 字段 "_uninstallScriptWindows" 必须包含非 null 值。请考虑添加 "required" 修饰符或将该 字段 声明为可为 null。 [C:\projects\远程安装应用\RemoteInstaller\RemoteInstaller.csproj]
C:\projects\远程安装应用\RemoteInstaller\Models\ApplicationInfo.cs(57,20): warning CS8618: 在退出构造函数时，不可为 null 的 字段 "_checkScriptLinux" 必须包含非 null 值。请考虑添加 "required" 修饰符或将该 字段 声明为可为 null。 [C:\projects\远程安装应用\RemoteInstaller\RemoteInstaller.csproj]
C:\projects\远程安装应用\RemoteInstaller\Models\ApplicationInfo.cs(60,20): warning CS8618: 在退出构造函数时，不可为 null 的 字段 "_checkScriptWindows" 必须包含非 null 值。请考虑添加 "required" 修饰符或将该 字段 声明为可为 null。 [C:\projects\远程安装应用\RemoteInstaller\RemoteInstaller.csproj]
C:\projects\远程安装应用\RemoteInstaller\Models\ApplicationInfo.cs(108,20): warning CS8618: 在退出构造函数时，不可为 null 的 字段 "_installedVersion" 必须包含非 null 值。请考虑添加 "required" 修饰符或将该 字段 声明为可为 null。 [C:\projects\远程安装应用\RemoteInstaller\RemoteInstaller.csproj]
C:\projects\远程安装应用\RemoteInstaller\Models\ApplicationInfo.cs(114,20): warning CS8618: 在退出构造函数时，不可为 null 的 字段 "_hostId" 必须包含非 null 值。请考虑添加 "required" 修饰符或将该 字段 声明为可为 null。 [C:\projects\远程安装应用\RemoteInstaller\RemoteInstaller.csproj]
C:\projects\远程安装应用\RemoteInstaller\Models\ApplicationInfo.cs(120,20): warning CS8618: 在退出构造函数时，不可为 null 的 字段 "_osType" 必须包含非 null 值。请考虑添加 "required" 修饰符或将该 字段 声明为可为 null。 [C:\projects\远程安装应用\RemoteInstaller\RemoteInstaller.csproj]
C:\projects\远程安装应用\RemoteInstaller\ViewModels\SettingsViewModel.cs(426,33): warning CS8601: 可能的 null 引用赋值。 [C:\projects\远程安装应用\RemoteInstaller\RemoteInstaller.csproj]
C:\projects\远程安装应用\RemoteInstaller\ViewModels\SettingsViewModel.cs(427,35): warning CS8601: 可能的 null 引用赋值。 [C:\projects\远程安装应用\RemoteInstaller\RemoteInstaller.csproj]
C:\projects\远程安装应用\RemoteInstaller\ViewModels\SettingsViewModel.cs(430,29): warning CS8601: 可能的 null 引用赋值。 [C:\projects\远程安装应用\RemoteInstaller\RemoteInstaller.csproj]
C:\projects\远程安装应用\RemoteInstaller\ViewModels\SettingsViewModel.cs(432,33): warning CS8601: 可能的 null 引用赋值。 [C:\projects\远程安装应用\RemoteInstaller\RemoteInstaller.csproj]
C:\projects\远程安装应用\RemoteInstaller\ViewModels\SettingsViewModel.cs(433,33): warning CS8601: 可能的 null 引用赋值。 [C:\projects\远程安装应用\RemoteInstaller\RemoteInstaller.csproj]
C:\projects\远程安装应用\RemoteInstaller\ViewModels\SettingsViewModel.cs(437,34): warning CS8601: 可能的 null 引用赋值。 [C:\projects\远程安装应用\RemoteInstaller\RemoteInstaller.csproj]
C:\projects\远程安装应用\RemoteInstaller\Services\SshService.cs(616,30): warning CS0168: 声明了变量“ex”，但从未使用过 [C:\projects\远程安装应用\RemoteInstaller\RemoteInstaller.csproj]
C:\projects\远程安装应用\RemoteInstaller\Models\InstallTask.cs(15,20): warning CS8618: 在退出构造函数时，不可为 null 的 字段 "_hostId" 必须包含非 null 值。请考虑添加 "required" 修饰符或将该 字段 声明为可为 null。 [C:\projects\远程安装应用\RemoteInstaller\RemoteInstaller.csproj]
C:\projects\远程安装应用\RemoteInstaller\Models\InstallTask.cs(18,20): warning CS8618: 在退出构造函数时，不可为 null 的 字段 "_hostName" 必须包含非 null 值。请考虑添加 "required" 修饰符或将该 字段 声明为可为 null。 [C:\projects\远程安装应用\RemoteInstaller\RemoteInstaller.csproj]
C:\projects\远程安装应用\RemoteInstaller\Models\InstallTask.cs(21,20): warning CS8618: 在退出构造函数时，不可为 null 的 字段 "_appId" 必须包含非 null 值。请考虑添加 "required" 修饰符或将该 字段 声明为可为 null。 [C:\projects\远程安装应用\RemoteInstaller\RemoteInstaller.csproj]
C:\projects\远程安装应用\RemoteInstaller\Models\InstallTask.cs(24,20): warning CS8618: 在退出构造函数时，不可为 null 的 字段 "_appName" 必须包含非 null 值。请考虑添加 "required" 修饰符或将该 字段 声明为可为 null。 [C:\projects\远程安装应用\RemoteInstaller\RemoteInstaller.csproj]
C:\projects\远程安装应用\RemoteInstaller\Models\InstallTask.cs(27,20): warning CS8618: 在退出构造函数时，不可为 null 的 字段 "_appVersion" 必须包含非 null 值。请考虑添加 "required" 修饰符或将该 字段 声明为可为 null。 [C:\projects\远程安装应用\RemoteInstaller\RemoteInstaller.csproj]
C:\projects\远程安装应用\RemoteInstaller\Models\InstallTask.cs(39,20): warning CS8618: 在退出构造函数时，不可为 null 的 字段 "_errorMessage" 必须包含非 null 值。请考虑添加 "required" 修饰符或将该 字段 声明为可为 null。 [C:\projects\远程安装应用\RemoteInstaller\RemoteInstaller.csproj]
C:\projects\远程安装应用\RemoteInstaller\Services\DatabaseService.cs(979,77): warning CS8604: “DateTime DateTime.Parse(string s)”中的形参“s”可能传入 null 引用实参。 [C:\projects\远程安装应用\RemoteInstaller\RemoteInstaller.csproj]
C:\projects\远程安装应用\RemoteInstaller\Services\DatabaseService.cs(980,75): warning CS8604: “DateTime DateTime.Parse(string s)”中的形参“s”可能传入 null 引用实参。 [C:\projects\远程安装应用\RemoteInstaller\RemoteInstaller.csproj]
C:\projects\远程安装应用\RemoteInstaller\Services\DatabaseService.cs(1399,40): warning CS8604: “DateTime DateTime.Parse(string s)”中的形参“s”可能传入 null 引用实参。 [C:\projects\远程安装应用\RemoteInstaller\RemoteInstaller.csproj]
C:\projects\远程安装应用\RemoteInstaller\Services\DatabaseService.cs(1421,40): warning CS8604: “DateTime DateTime.Parse(string s)”中的形参“s”可能传入 null 引用实参。 [C:\projects\远程安装应用\RemoteInstaller\RemoteInstaller.csproj]
C:\projects\远程安装应用\RemoteInstaller\Services\DatabaseService.cs(1422,124): warning CS8604: “DateTime DateTime.Parse(string s)”中的形参“s”可能传入 null 引用实参。 [C:\projects\远程安装应用\RemoteInstaller\RemoteInstaller.csproj]
C:\projects\远程安装应用\RemoteInstaller\Services\SshService.cs(1411,34): warning CS8602: 解引用可能出现空引用。 [C:\projects\远程安装应用\RemoteInstaller\RemoteInstaller.csproj]
C:\projects\远程安装应用\RemoteInstaller\Services\SshService.cs(1415,21): warning CS8602: 解引用可能出现空引用。 [C:\projects\远程安装应用\RemoteInstaller\RemoteInstaller.csproj]
C:\projects\远程安装应用\RemoteInstaller\Services\SshService.cs(1427,38): warning CS8602: 解引用可能出现空引用。 [C:\projects\远程安装应用\RemoteInstaller\RemoteInstaller.csproj]
C:\projects\远程安装应用\RemoteInstaller\Services\SshService.cs(1446,43): warning CS8602: 解引用可能出现空引用。 [C:\projects\远程安装应用\RemoteInstaller\RemoteInstaller.csproj]
C:\projects\远程安装应用\RemoteInstaller\ViewModels\MainViewModel.cs(1661,29): warning CS8601: 可能的 null 引用赋值。 [C:\projects\远程安装应用\RemoteInstaller\RemoteInstaller.csproj]
C:\projects\远程安装应用\RemoteInstaller\Services\SshService.cs(1541,22): warning CS8602: 解引用可能出现空引用。 [C:\projects\远程安装应用\RemoteInstaller\RemoteInstaller.csproj]
C:\projects\远程安装应用\RemoteInstaller\ViewModels\MainViewModel.cs(1923,38): warning CS8601: 可能的 null 引用赋值。 [C:\projects\远程安装应用\RemoteInstaller\RemoteInstaller.csproj]
C:\projects\远程安装应用\RemoteInstaller\ViewModels\InstallConfigViewModel.cs(2069,24): warning CS8619: 类型“IEnumerable<string?>”的值中引用类型的为 Null 性与目标类型“IEnumerable<string>”不匹配。 [C:\projects\远程安装应用\RemoteInstaller\RemoteInstaller.csproj]
C:\projects\远程安装应用\RemoteInstaller\ViewModels\InstallConfigViewModel.cs(2088,20): warning CS8619: 类型“IEnumerable<string?>”的值中引用类型的为 Null 性与目标类型“IEnumerable<string>”不匹配。 [C:\projects\远程安装应用\RemoteInstaller\RemoteInstaller.csproj]
C:\projects\远程安装应用\RemoteInstaller\ViewModels\InstallConfigViewModel.cs(2098,20): warning CS8619: 类型“IEnumerable<string?>”的值中引用类型的为 Null 性与目标类型“IEnumerable<string>”不匹配。 [C:\projects\远程安装应用\RemoteInstaller\RemoteInstaller.csproj]
C:\projects\远程安装应用\RemoteInstaller\ViewModels\SettingsViewModel.cs(191,28): warning MVVMTK0039: The method RemoteInstaller.ViewModels.SettingsViewModel.TestRepositoryConnection() annotated with [RelayCommand] is async void (make sure to return a Task type instead) (https://aka.ms/mvvmtoolkit/errors/mvvmtk0039) [C:\projects\远程安装应用\RemoteInstaller\RemoteInstaller.csproj]
C:\projects\远程安装应用\RemoteInstaller\ViewModels\MainViewModel.cs(903,17): warning MVVMTK0034: The field RemoteInstaller.ViewModels.MainViewModel._applications is annotated with [ObservableProperty] and should not be directly referenced (use the generated property instead) (https://aka.ms/mvvmtoolkit/errors/mvvmtk0034) [C:\projects\远程安装应用\RemoteInstaller\RemoteInstaller.csproj]
C:\projects\远程安装应用\RemoteInstaller\ViewModels\MainViewModel.cs(2718,28): warning MVVMTK0039: The method RemoteInstaller.ViewModels.MainViewModel.ConfigureApplication(RemoteInstaller.ViewModels.ApplicationCardViewModel) annotated with [RelayCommand] is async void (make sure to return a Task type instead) (https://aka.ms/mvvmtoolkit/errors/mvvmtk0039) [C:\projects\远程安装应用\RemoteInstaller\RemoteInstaller.csproj]
    214 个警告
    0 个错误

已用时间 00:00:12.90
